This is pdfTeX, Version 3.1415926-2.6-1.40.14 (TeX Live 2014/dev) (format=latex 2014.6.12)  1 FEB 2015 11:57
entering extended mode
 restricted \write18 enabled.
 %&-line parsing enabled.
**structure.tex
(./structure.tex
LaTeX2e <2011/06/27>
Babel <3.9h> and hyphenation patterns for 3 languages loaded.

! LaTeX Error: \usepackage before \documentclass.

See the LaTeX manual or LaTeX Companion for explanation.
Type  H <return>  for immediate help.
 ...                                              
                                                  
l.5 \usepackage{
                titlesec} % Allows customization of titles
\usepackage may only appear in the document preamble, i.e.,
between \documentclass and \begin{document}.


! LaTeX Error: \usepackage before \documentclass.

See the LaTeX manual or LaTeX Companion for explanation.
Type  H <return>  for immediate help.
 ...                                              
                                                  
l.7 \usepackage{
                graphicx} % Required for including pictures
\usepackage may only appear in the document preamble, i.e.,
between \documentclass and \begin{document}.

! Undefined control sequence.
l.8 \graphicspath
                 {{Pictures/}} % Specifies the directory where pictures are ...
The control sequence at the end of the top line
of your error message was never \def'ed. If you have
misspelled it (e.g., `\hobx'), type `I' and the correct
spelling (e.g., `I\hbox'). Otherwise just continue,
and I'll forget about whatever was undefined.


! LaTeX Error: Missing \begin{document}.

See the LaTeX manual or LaTeX Companion for explanation.
Type  H <return>  for immediate help.
 ...                                              
                                                  
l.8 \graphicspath{{P
                    ictures/}} % Specifies the directory where pictures are ...

You're in trouble here.  Try typing  <return>  to proceed.
If that doesn't work, type  X <return>  to quit.

Missing character: There is no P in font nullfont!
Missing character: There is no i in font nullfont!
Missing character: There is no c in font nullfont!
Missing character: There is no t in font nullfont!
Missing character: There is no u in font nullfont!
Missing character: There is no r in font nullfont!
Missing character: There is no e in font nullfont!
Missing character: There is no s in font nullfont!
Missing character: There is no / in font nullfont!

Overfull \hbox (20.0pt too wide) in paragraph at lines 8--9
[] 
 []


! LaTeX Error: \usepackage before \documentclass.

See the LaTeX manual or LaTeX Companion for explanation.
Type  H <return>  for immediate help.
 ...                                              
                                                  
l.10 \usepackage{
                 lipsum} % Inserts dummy text
\usepackage may only appear in the document preamble, i.e.,
between \documentclass and \begin{document}.


! LaTeX Error: \usepackage before \documentclass.

See the LaTeX manual or LaTeX Companion for explanation.
Type  H <return>  for immediate help.
 ...                                              
                                                  
l.12 \usepackage{
                 tikz} % Required for drawing custom shapes
\usepackage may only appear in the document preamble, i.e.,
between \documentclass and \begin{document}.


! LaTeX Error: \usepackage before \documentclass.

See the LaTeX manual or LaTeX Companion for explanation.
Type  H <return>  for immediate help.
 ...                                              
                                                  
l.14 \usepackage[english]{
                          babel} % English language/hyphenation
\usepackage may only appear in the document preamble, i.e.,
between \documentclass and \begin{document}.


! LaTeX Error: \usepackage before \documentclass.

See the LaTeX manual or LaTeX Companion for explanation.
Type  H <return>  for immediate help.
 ...                                              
                                                  
l.16 \usepackage{
                 enumitem} % Customize lists
\usepackage may only appear in the document preamble, i.e.,
between \documentclass and \begin{document}.

! Undefined control sequence.
l.17 \setlist
             {nolistsep} % Reduce spacing between bullet points and numbered...
The control sequence at the end of the top line
of your error message was never \def'ed. If you have
misspelled it (e.g., `\hobx'), type `I' and the correct
spelling (e.g., `I\hbox'). Otherwise just continue,
and I'll forget about whatever was undefined.


! LaTeX Error: Missing \begin{document}.

See the LaTeX manual or LaTeX Companion for explanation.
Type  H <return>  for immediate help.
 ...                                              
                                                  
l.17 \setlist{n
               olistsep} % Reduce spacing between bullet points and numbered...

You're in trouble here.  Try typing  <return>  to proceed.
If that doesn't work, type  X <return>  to quit.

Missing character: There is no n in font nullfont!
Missing character: There is no o in font nullfont!
Missing character: There is no l in font nullfont!
Missing character: There is no i in font nullfont!
Missing character: There is no s in font nullfont!
Missing character: There is no t in font nullfont!
Missing character: There is no s in font nullfont!
Missing character: There is no e in font nullfont!
Missing character: There is no p in font nullfont!

Overfull \hbox (20.0pt too wide) in paragraph at lines 17--18
[] 
 []


! LaTeX Error: \usepackage before \documentclass.

See the LaTeX manual or LaTeX Companion for explanation.
Type  H <return>  for immediate help.
 ...                                              
                                                  
l.19 \usepackage{
                 booktabs} % Required for nicer horizontal rules in tables
\usepackage may only appear in the document preamble, i.e.,
between \documentclass and \begin{document}.


! LaTeX Error: \usepackage before \documentclass.

See the LaTeX manual or LaTeX Companion for explanation.
Type  H <return>  for immediate help.
 ...                                              
                                                  
l.21 \usepackage{
                 eso-pic} % Required for specifying an image background in t...

\usepackage may only appear in the document preamble, i.e.,
between \documentclass and \begin{document}.


! LaTeX Error: \usepackage before \documentclass.

See the LaTeX manual or LaTeX Companion for explanation.
Type  H <return>  for immediate help.
 ...                                              
                                                  
l.27 \usepackage{
                 titletoc} % Required for manipulating the table of contents
\usepackage may only appear in the document preamble, i.e.,
between \documentclass and \begin{document}.

! Undefined control sequence.
l.29 \contentsmargin
                    {0cm} % Removes the default margin
The control sequence at the end of the top line
of your error message was never \def'ed. If you have
misspelled it (e.g., `\hobx'), type `I' and the correct
spelling (e.g., `I\hbox'). Otherwise just continue,
and I'll forget about whatever was undefined.


! LaTeX Error: Missing \begin{document}.

See the LaTeX manual or LaTeX Companion for explanation.
Type  H <return>  for immediate help.
 ...                                              
                                                  
l.29 \contentsmargin{0
                      cm} % Removes the default margin
You're in trouble here.  Try typing  <return>  to proceed.
If that doesn't work, type  X <return>  to quit.

Missing character: There is no 0 in font nullfont!
Missing character: There is no c in font nullfont!
Missing character: There is no m in font nullfont!
! Undefined control sequence.
l.31 \titlecontents
                   {chapter}[1.25cm] % Indentation
The control sequence at the end of the top line
of your error message was never \def'ed. If you have
misspelled it (e.g., `\hobx'), type `I' and the correct
spelling (e.g., `I\hbox'). Otherwise just continue,
and I'll forget about whatever was undefined.

Missing character: There is no c in font nullfont!
Missing character: There is no h in font nullfont!
Missing character: There is no a in font nullfont!
Missing character: There is no p in font nullfont!
Missing character: There is no t in font nullfont!
Missing character: There is no e in font nullfont!
Missing character: There is no r in font nullfont!
Missing character: There is no [ in font nullfont!
Missing character: There is no 1 in font nullfont!
Missing character: There is no . in font nullfont!
Missing character: There is no 2 in font nullfont!
Missing character: There is no 5 in font nullfont!
Missing character: There is no c in font nullfont!
Missing character: There is no m in font nullfont!
Missing character: There is no ] in font nullfont!

! LaTeX Error: Something's wrong--perhaps a missing \item.

See the LaTeX manual or LaTeX Companion for explanation.
Type  H <return>  for immediate help.
 ...                                              
                                                  
l.32 {\addvspace{15pt}
                      \large\sffamily\bfseries} % Spacing and font options f...

Try typing  <return>  to proceed.
If that doesn't work, type  X <return>  to quit.

! Undefined control sequence.
l.32 {\addvspace{15pt}\large
                            \sffamily\bfseries} % Spacing and font options f...
The control sequence at the end of the top line
of your error message was never \def'ed. If you have
misspelled it (e.g., `\hobx'), type `I' and the correct
spelling (e.g., `I\hbox'). Otherwise just continue,
and I'll forget about whatever was undefined.

! Undefined control sequence.
l.33 {\color
            {ocre!60}\contentslabel[\Large\thecontentslabel]{1.25cm}\color{o...
The control sequence at the end of the top line
of your error message was never \def'ed. If you have
misspelled it (e.g., `\hobx'), type `I' and the correct
spelling (e.g., `I\hbox'). Otherwise just continue,
and I'll forget about whatever was undefined.

Missing character: There is no o in font nullfont!
Missing character: There is no c in font nullfont!
Missing character: There is no r in font nullfont!
Missing character: There is no e in font nullfont!
Missing character: There is no ! in font nullfont!
Missing character: There is no 6 in font nullfont!
Missing character: There is no 0 in font nullfont!
! Undefined control sequence.
l.33 {\color{ocre!60}\contentslabel
                                   [\Large\thecontentslabel]{1.25cm}\color{o...
The control sequence at the end of the top line
of your error message was never \def'ed. If you have
misspelled it (e.g., `\hobx'), type `I' and the correct
spelling (e.g., `I\hbox'). Otherwise just continue,
and I'll forget about whatever was undefined.

Missing character: There is no [ in font nullfont!
! Undefined control sequence.
l.33 {\color{ocre!60}\contentslabel[\Large
                                          \thecontentslabel]{1.25cm}\color{o...
The control sequence at the end of the top line
of your error message was never \def'ed. If you have
misspelled it (e.g., `\hobx'), type `I' and the correct
spelling (e.g., `I\hbox'). Otherwise just continue,
and I'll forget about whatever was undefined.

! Undefined control sequence.
l.33 ...!60}\contentslabel[\Large\thecontentslabel
                                                  ]{1.25cm}\color{ocre}} % C...
The control sequence at the end of the top line
of your error message was never \def'ed. If you have
misspelled it (e.g., `\hobx'), type `I' and the correct
spelling (e.g., `I\hbox'). Otherwise just continue,
and I'll forget about whatever was undefined.

Missing character: There is no ] in font nullfont!
Missing character: There is no 1 in font nullfont!
Missing character: There is no . in font nullfont!
Missing character: There is no 2 in font nullfont!
Missing character: There is no 5 in font nullfont!
Missing character: There is no c in font nullfont!
Missing character: There is no m in font nullfont!
! Undefined control sequence.
l.33 ...bel[\Large\thecontentslabel]{1.25cm}\color
                                                  {ocre}} % Chapter number
The control sequence at the end of the top line
of your error message was never \def'ed. If you have
misspelled it (e.g., `\hobx'), type `I' and the correct
spelling (e.g., `I\hbox'). Otherwise just continue,
and I'll forget about whatever was undefined.

Missing character: There is no o in font nullfont!
Missing character: There is no c in font nullfont!
Missing character: There is no r in font nullfont!
Missing character: There is no e in font nullfont!
! Undefined control sequence.
l.35 {\color
            {ocre!60}\normalsize\sffamily\bfseries\;\titlerule*[.5pc]{.}\;\t...
The control sequence at the end of the top line
of your error message was never \def'ed. If you have
misspelled it (e.g., `\hobx'), type `I' and the correct
spelling (e.g., `I\hbox'). Otherwise just continue,
and I'll forget about whatever was undefined.

Missing character: There is no o in font nullfont!
Missing character: There is no c in font nullfont!
Missing character: There is no r in font nullfont!
Missing character: There is no e in font nullfont!
Missing character: There is no ! in font nullfont!
Missing character: There is no 6 in font nullfont!
Missing character: There is no 0 in font nullfont!

! LaTeX Error: The font size command \normalsize is not defined:
               there is probably something wrong with the class file.

See the LaTeX manual or LaTeX Companion for explanation.
Type  H <return>  for immediate help.
 ...                                              
                                                  
l.35 {\color{ocre!60}\normalsize
                                \sffamily\bfseries\;\titlerule*[.5pc]{.}\;\t...

Your command was ignored.
Type  I <command> <return>  to replace it with another command,
or  <return>  to continue without it.

! Missing $ inserted.
<inserted text> 
                $
l.35 ...or{ocre!60}\normalsize\sffamily\bfseries\;
                                                  \titlerule*[.5pc]{.}\;\the...
I've inserted a begin-math/end-math symbol since I think
you left one out. Proceed, with fingers crossed.

LaTeX Font Info:    External font `cmex10' loaded for size
(Font)              <7> on input line 35.
LaTeX Font Info:    External font `cmex10' loaded for size
(Font)              <5> on input line 35.
! Undefined control sequence.
l.35 ...}\normalsize\sffamily\bfseries\;\titlerule
                                                  *[.5pc]{.}\;\thecontentspa...
The control sequence at the end of the top line
of your error message was never \def'ed. If you have
misspelled it (e.g., `\hobx'), type `I' and the correct
spelling (e.g., `I\hbox'). Otherwise just continue,
and I'll forget about whatever was undefined.

! Undefined control sequence.
l.35 ...es\;\titlerule*[.5pc]{.}\;\thecontentspage
                                                  } % Page number
The control sequence at the end of the top line
of your error message was never \def'ed. If you have
misspelled it (e.g., `\hobx'), type `I' and the correct
spelling (e.g., `I\hbox'). Otherwise just continue,
and I'll forget about whatever was undefined.

! Extra }, or forgotten $.
l.35 ...s\;\titlerule*[.5pc]{.}\;\thecontentspage}
                                                   % Page number
I've deleted a group-closing symbol because it seems to be
spurious, as in `$x}$'. But perhaps the } is legitimate and
you forgot something else, as in `\hbox{$x}'. In such cases
the way to recover is to insert both the forgotten and the
deleted material, e.g., by typing `I$}'.

! Undefined control sequence.
l.37 \titlecontents
                   {section}[1.25cm] % Indentation
The control sequence at the end of the top line
of your error message was never \def'ed. If you have
misspelled it (e.g., `\hobx'), type `I' and the correct
spelling (e.g., `I\hbox'). Otherwise just continue,
and I'll forget about whatever was undefined.


! LaTeX Error: Something's wrong--perhaps a missing \item.

See the LaTeX manual or LaTeX Companion for explanation.
Type  H <return>  for immediate help.
 ...                                              
                                                  
l.38 {\addvspace{5pt}
                     \sffamily\bfseries} % Spacing and font options for sect...

Try typing  <return>  to proceed.
If that doesn't work, type  X <return>  to quit.


! LaTeX Error: Command \sffamily invalid in math mode.

See the LaTeX manual or LaTeX Companion for explanation.
Type  H <return>  for immediate help.
 ...                                              
                                                  
l.38 {\addvspace{5pt}\sffamily
                              \bfseries} % Spacing and font options for sect...

Please use the math alphabet \mathsf instead of the \sffamily command. 


! LaTeX Error: Command \bfseries invalid in math mode.

See the LaTeX manual or LaTeX Companion for explanation.
Type  H <return>  for immediate help.
 ...                                              
                                                  
l.38 {\addvspace{5pt}\sffamily\bfseries
                                       } % Spacing and font options for sect...

Please use the math alphabet \mathbf instead of the \bfseries command. 

! Undefined control sequence.
l.39 {\contentslabel
                    [\thecontentslabel]{1.25cm}} % Section number
The control sequence at the end of the top line
of your error message was never \def'ed. If you have
misspelled it (e.g., `\hobx'), type `I' and the correct
spelling (e.g., `I\hbox'). Otherwise just continue,
and I'll forget about whatever was undefined.

! Undefined control sequence.
l.39 {\contentslabel[\thecontentslabel
                                      ]{1.25cm}} % Section number
The control sequence at the end of the top line
of your error message was never \def'ed. If you have
misspelled it (e.g., `\hobx'), type `I' and the correct
spelling (e.g., `I\hbox'). Otherwise just continue,
and I'll forget about whatever was undefined.


! LaTeX Error: Command \sffamily invalid in math mode.

See the LaTeX manual or LaTeX Companion for explanation.
Type  H <return>  for immediate help.
 ...                                              
                                                  
l.41 {\sffamily
               \hfill\color{black}\thecontentspage} % Page number
Please use the math alphabet \mathsf instead of the \sffamily command. 

! Undefined control sequence.
l.41 {\sffamily\hfill\color
                           {black}\thecontentspage} % Page number
The control sequence at the end of the top line
of your error message was never \def'ed. If you have
misspelled it (e.g., `\hobx'), type `I' and the correct
spelling (e.g., `I\hbox'). Otherwise just continue,
and I'll forget about whatever was undefined.

! Undefined control sequence.
l.41 {\sffamily\hfill\color{black}\thecontentspage
                                                  } % Page number
The control sequence at the end of the top line
of your error message was never \def'ed. If you have
misspelled it (e.g., `\hobx'), type `I' and the correct
spelling (e.g., `I\hbox'). Otherwise just continue,
and I'll forget about whatever was undefined.

! Undefined control sequence.
l.44 \titlecontents
                   {subsection}[1.25cm] % Indentation
The control sequence at the end of the top line
of your error message was never \def'ed. If you have
misspelled it (e.g., `\hobx'), type `I' and the correct
spelling (e.g., `I\hbox'). Otherwise just continue,
and I'll forget about whatever was undefined.


! LaTeX Error: Something's wrong--perhaps a missing \item.

See the LaTeX manual or LaTeX Companion for explanation.
Type  H <return>  for immediate help.
 ...                                              
                                                  
l.45 {\addvspace{1pt}
                     \sffamily\small} % Spacing and font options for subsect...

Try typing  <return>  to proceed.
If that doesn't work, type  X <return>  to quit.


! LaTeX Error: Command \sffamily invalid in math mode.

See the LaTeX manual or LaTeX Companion for explanation.
Type  H <return>  for immediate help.
 ...                                              
                                                  
l.45 {\addvspace{1pt}\sffamily
                              \small} % Spacing and font options for subsect...

Please use the math alphabet \mathsf instead of the \sffamily command. 

! Undefined control sequence.
l.45 {\addvspace{1pt}\sffamily\small
                                    } % Spacing and font options for subsect...
The control sequence at the end of the top line
of your error message was never \def'ed. If you have
misspelled it (e.g., `\hobx'), type `I' and the correct
spelling (e.g., `I\hbox'). Otherwise just continue,
and I'll forget about whatever was undefined.

! Undefined control sequence.
l.46 {\contentslabel
                    [\thecontentslabel]{1.25cm}} % Subsection number
The control sequence at the end of the top line
of your error message was never \def'ed. If you have
misspelled it (e.g., `\hobx'), type `I' and the correct
spelling (e.g., `I\hbox'). Otherwise just continue,
and I'll forget about whatever was undefined.

! Undefined control sequence.
l.46 {\contentslabel[\thecontentslabel
                                      ]{1.25cm}} % Subsection number
The control sequence at the end of the top line
of your error message was never \def'ed. If you have
misspelled it (e.g., `\hobx'), type `I' and the correct
spelling (e.g., `I\hbox'). Otherwise just continue,
and I'll forget about whatever was undefined.


! LaTeX Error: Command \sffamily invalid in math mode.

See the LaTeX manual or LaTeX Companion for explanation.
Type  H <return>  for immediate help.
 ...                                              
                                                  
l.48 {\sffamily
               \;\titlerule*[.5pc]{.}\;\thecontentspage} % Page number
Please use the math alphabet \mathsf instead of the \sffamily command. 

! Undefined control sequence.
l.48 {\sffamily\;\titlerule
                           *[.5pc]{.}\;\thecontentspage} % Page number
The control sequence at the end of the top line
of your error message was never \def'ed. If you have
misspelled it (e.g., `\hobx'), type `I' and the correct
spelling (e.g., `I\hbox'). Otherwise just continue,
and I'll forget about whatever was undefined.

! Undefined control sequence.
l.48 ...ly\;\titlerule*[.5pc]{.}\;\thecontentspage
                                                  } % Page number
The control sequence at the end of the top line
of your error message was never \def'ed. If you have
misspelled it (e.g., `\hobx'), type `I' and the correct
spelling (e.g., `I\hbox'). Otherwise just continue,
and I'll forget about whatever was undefined.

! Missing $ inserted.
<inserted text> 
                $
l.50 
     
I've inserted a begin-math/end-math symbol since I think
you left one out. Proceed, with fingers crossed.


Overfull \hbox (20.0pt too wide) in paragraph at lines 29--50
[]
 []


Overfull \hbox (326.6132pt too wide) in paragraph at lines 29--50
\OMS/cmsy/m/n/10 ^^C\OT1/cmr/m/n/10 [\OML/cmm/m/it/10 :\OT1/cmr/m/n/10 5\OML/cm
m/m/it/10 pc\OT1/cmr/m/n/10 ]\OML/cmm/m/it/10 : []\OT1/cmr/m/n/10 [1\OML/cmm/m/
it/10 :\OT1/cmr/m/n/10 25\OML/cmm/m/it/10 cm\OT1/cmr/m/n/10 ][][][][][][][1\OML
/cmm/m/it/10 :\OT1/cmr/m/n/10 25\OML/cmm/m/it/10 cm\OT1/cmr/m/n/10 ][][][][][]$
 
 []

! Undefined control sequence.
l.56 \titlecontents
                   {lsection}[0em] % Indendating
The control sequence at the end of the top line
of your error message was never \def'ed. If you have
misspelled it (e.g., `\hobx'), type `I' and the correct
spelling (e.g., `I\hbox'). Otherwise just continue,
and I'll forget about whatever was undefined.


! LaTeX Error: Missing \begin{document}.

See the LaTeX manual or LaTeX Companion for explanation.
Type  H <return>  for immediate help.
 ...                                              
                                                  
l.56 \titlecontents{l
                     section}[0em] % Indendating
You're in trouble here.  Try typing  <return>  to proceed.
If that doesn't work, type  X <return>  to quit.

! Undefined control sequence.
l.57 {\footnotesize
                   \sffamily} % Font settings
The control sequence at the end of the top line
of your error message was never \def'ed. If you have
misspelled it (e.g., `\hobx'), type `I' and the correct
spelling (e.g., `I\hbox'). Otherwise just continue,
and I'll forget about whatever was undefined.


Overfull \hbox (80.6197pt too wide) in paragraph at lines 56--61
[]\OT1/cmss/bx/n/10 lsection[0em]
 []

! Undefined control sequence.
l.63 \titlecontents
                   {lsubsection}[.5em] % Indentation
The control sequence at the end of the top line
of your error message was never \def'ed. If you have
misspelled it (e.g., `\hobx'), type `I' and the correct
spelling (e.g., `I\hbox'). Otherwise just continue,
and I'll forget about whatever was undefined.


! LaTeX Error: Missing \begin{document}.

See the LaTeX manual or LaTeX Companion for explanation.
Type  H <return>  for immediate help.
 ...                                              
                                                  
l.63 \titlecontents{l
                     subsection}[.5em] % Indentation
You're in trouble here.  Try typing  <return>  to proceed.
If that doesn't work, type  X <return>  to quit.

! Undefined control sequence.
l.64 {\normalfont\footnotesize
                              \sffamily} % Font settings
The control sequence at the end of the top line
of your error message was never \def'ed. If you have
misspelled it (e.g., `\hobx'), type `I' and the correct
spelling (e.g., `I\hbox'). Otherwise just continue,
and I'll forget about whatever was undefined.


Overfull \hbox (99.11423pt too wide) in paragraph at lines 63--68
[]\OT1/cmss/bx/n/10 lsubsection[.5em]
 []


! LaTeX Error: \usepackage before \documentclass.

See the LaTeX manual or LaTeX Companion for explanation.
Type  H <return>  for immediate help.
 ...                                              
                                                  
l.73 \usepackage{
                 fancyhdr} % Required for header and footer configuration
\usepackage may only appear in the document preamble, i.e.,
between \documentclass and \begin{document}.

! Undefined control sequence.
<argument> \undefinedpagestyle 
                               
l.75 \pagestyle{fancy}
                      
The control sequence at the end of the top line
of your error message was never \def'ed. If you have
misspelled it (e.g., `\hobx'), type `I' and the correct
spelling (e.g., `I\hbox'). Otherwise just continue,
and I'll forget about whatever was undefined.


! LaTeX Error: \chaptermark undefined.

See the LaTeX manual or LaTeX Companion for explanation.
Type  H <return>  for immediate help.
 ...                                              
                                                  
l.76 \renewcommand{\chaptermark}
                                [1]{\markboth{\sffamily\normalsize\bfseries ...

Try typing  <return>  to proceed.
If that doesn't work, type  X <return>  to quit.

! Undefined control sequence.
l.78 \fancyhf
             {} \fancyhead[LE,RO]{\sffamily\normalsize\thepage} % Font setti...
The control sequence at the end of the top line
of your error message was never \def'ed. If you have
misspelled it (e.g., `\hobx'), type `I' and the correct
spelling (e.g., `I\hbox'). Otherwise just continue,
and I'll forget about whatever was undefined.

! Undefined control sequence.
l.78 \fancyhf{} \fancyhead
                          [LE,RO]{\sffamily\normalsize\thepage} % Font setti...
The control sequence at the end of the top line
of your error message was never \def'ed. If you have
misspelled it (e.g., `\hobx'), type `I' and the correct
spelling (e.g., `I\hbox'). Otherwise just continue,
and I'll forget about whatever was undefined.


! LaTeX Error: Missing \begin{document}.

See the LaTeX manual or LaTeX Companion for explanation.
Type  H <return>  for immediate help.
 ...                                              
                                                  
l.78 \fancyhf{} \fancyhead[
                           LE,RO]{\sffamily\normalsize\thepage} % Font setti...

You're in trouble here.  Try typing  <return>  to proceed.
If that doesn't work, type  X <return>  to quit.


! LaTeX Error: The font size command \normalsize is not defined:
               there is probably something wrong with the class file.

See the LaTeX manual or LaTeX Companion for explanation.
Type  H <return>  for immediate help.
 ...                                              
                                                  
l.78 ...f{} \fancyhead[LE,RO]{\sffamily\normalsize
                                                  \thepage} % Font setting f...

Your command was ignored.
Type  I <command> <return>  to replace it with another command,
or  <return>  to continue without it.

! Undefined control sequence.
l.78 ...cyhead[LE,RO]{\sffamily\normalsize\thepage
                                                  } % Font setting for the p...
The control sequence at the end of the top line
of your error message was never \def'ed. If you have
misspelled it (e.g., `\hobx'), type `I' and the correct
spelling (e.g., `I\hbox'). Otherwise just continue,
and I'll forget about whatever was undefined.

! Undefined control sequence.
l.79 \fancyhead
               [LO]{\rightmark} % Print the nearest section name on the left...
The control sequence at the end of the top line
of your error message was never \def'ed. If you have
misspelled it (e.g., `\hobx'), type `I' and the correct
spelling (e.g., `I\hbox'). Otherwise just continue,
and I'll forget about whatever was undefined.

! Undefined control sequence.
l.80 \fancyhead
               [RE]{\leftmark} % Print the current chapter name on the right...
The control sequence at the end of the top line
of your error message was never \def'ed. If you have
misspelled it (e.g., `\hobx'), type `I' and the correct
spelling (e.g., `I\hbox'). Otherwise just continue,
and I'll forget about whatever was undefined.


! LaTeX Error: \headrulewidth undefined.

See the LaTeX manual or LaTeX Companion for explanation.
Type  H <return>  for immediate help.
 ...                                              
                                                  
l.81 \renewcommand{\headrulewidth}
                                  {0.5pt} % Width of the rule under the header
Try typing  <return>  to proceed.
If that doesn't work, type  X <return>  to quit.


! LaTeX Error: \footrulewidth undefined.

See the LaTeX manual or LaTeX Companion for explanation.
Type  H <return>  for immediate help.
 ...                                              
                                                  
l.83 \renewcommand{\footrulewidth}
                                  {0pt} % Removes the rule in the footer
Try typing  <return>  to proceed.
If that doesn't work, type  X <return>  to quit.

! Undefined control sequence.
l.84 \fancypagestyle
                    {plain}{\fancyhead{}\renewcommand{\headrulewidth}{0pt}} ...
The control sequence at the end of the top line
of your error message was never \def'ed. If you have
misspelled it (e.g., `\hobx'), type `I' and the correct
spelling (e.g., `I\hbox'). Otherwise just continue,
and I'll forget about whatever was undefined.

! Undefined control sequence.
l.84 \fancypagestyle{plain}{\fancyhead
                                      {}\renewcommand{\headrulewidth}{0pt}} ...
The control sequence at the end of the top line
of your error message was never \def'ed. If you have
misspelled it (e.g., `\hobx'), type `I' and the correct
spelling (e.g., `I\hbox'). Otherwise just continue,
and I'll forget about whatever was undefined.


Overfull \hbox (57.11131pt too wide) in paragraph at lines 78--85
[]\OT1/cmss/bx/n/10 [LE,RO]
 []


Overfull \hbox (20.61122pt too wide) in paragraph at lines 78--85
\OT1/cmss/bx/n/10 [LO]
 []


Overfull \hbox (20.30566pt too wide) in paragraph at lines 78--85
\OT1/cmss/bx/n/10 [RE]
 []


Overfull \hbox (21.5834pt too wide) in paragraph at lines 78--85
\OT1/cmss/bx/n/10 plain 
 []


! LaTeX Error: \usepackage before \documentclass.

See the LaTeX manual or LaTeX Companion for explanation.
Type  H <return>  for immediate help.
 ...                                              
                                                  
l.100 \usepackage{
                  amsmath,amsfonts,amssymb,amsthm} % For including math equa...

\usepackage may only appear in the document preamble, i.e.,
between \documentclass and \begin{document}.

\c@notation=\count79

! LaTeX Error: No counter 'chapter' defined.

See the LaTeX manual or LaTeX Companion for explanation.
Type  H <return>  for immediate help.
 ...                                              
                                                  
l.105 \newtheorem{notation}{Notation}[chapter]
                                              
Your command was ignored.
Type  I <command> <return>  to replace it with another command,
or  <return>  to continue without it.

! Undefined control sequence.
l.110 \newtheoremstyle
                      {ocrenumbox}% % Theorem style name
The control sequence at the end of the top line
of your error message was never \def'ed. If you have
misspelled it (e.g., `\hobx'), type `I' and the correct
spelling (e.g., `I\hbox'). Otherwise just continue,
and I'll forget about whatever was undefined.


! LaTeX Error: Missing \begin{document}.

See the LaTeX manual or LaTeX Companion for explanation.
Type  H <return>  for immediate help.
 ...                                              
                                                  
l.110 \newtheoremstyle{o
                        crenumbox}% % Theorem style name
You're in trouble here.  Try typing  <return>  to proceed.
If that doesn't work, type  X <return>  to quit.

! Undefined control sequence.
l.115 {\small
             \bf\sffamily\color{ocre}}% % Theorem head font
The control sequence at the end of the top line
of your error message was never \def'ed. If you have
misspelled it (e.g., `\hobx'), type `I' and the correct
spelling (e.g., `I\hbox'). Otherwise just continue,
and I'll forget about whatever was undefined.

! Undefined control sequence.
l.115 {\small\bf
                \sffamily\color{ocre}}% % Theorem head font
The control sequence at the end of the top line
of your error message was never \def'ed. If you have
misspelled it (e.g., `\hobx'), type `I' and the correct
spelling (e.g., `I\hbox'). Otherwise just continue,
and I'll forget about whatever was undefined.

! Undefined control sequence.
l.115 {\small\bf\sffamily\color
                               {ocre}}% % Theorem head font
The control sequence at the end of the top line
of your error message was never \def'ed. If you have
misspelled it (e.g., `\hobx'), type `I' and the correct
spelling (e.g., `I\hbox'). Otherwise just continue,
and I'll forget about whatever was undefined.

! Missing $ inserted.
<inserted text> 
                $
l.116 {\;
         }% Punctuation after theorem head
I've inserted a begin-math/end-math symbol since I think
you left one out. Proceed, with fingers crossed.

! Extra }, or forgotten $.
l.116 {\;}
          % Punctuation after theorem head
I've deleted a group-closing symbol because it seems to be
spurious, as in `$x}$'. But perhaps the } is legitimate and
you forgot something else, as in `\hbox{$x}'. In such cases
the way to recover is to insert both the forgotten and the
deleted material, e.g., by typing `I$}'.

! Undefined control sequence.
l.118 {\small
             \sffamily\color{ocre}\thmname{#1}\nobreakspace\thmnumber{\@ifno...
The control sequence at the end of the top line
of your error message was never \def'ed. If you have
misspelled it (e.g., `\hobx'), type `I' and the correct
spelling (e.g., `I\hbox'). Otherwise just continue,
and I'll forget about whatever was undefined.


! LaTeX Error: Command \sffamily invalid in math mode.

See the LaTeX manual or LaTeX Companion for explanation.
Type  H <return>  for immediate help.
 ...                                              
                                                  
l.118 {\small\sffamily
                      \color{ocre}\thmname{#1}\nobreakspace\thmnumber{\@ifno...

Please use the math alphabet \mathsf instead of the \sffamily command. 

! Undefined control sequence.
l.118 {\small\sffamily\color
                            {ocre}\thmname{#1}\nobreakspace\thmnumber{\@ifno...
The control sequence at the end of the top line
of your error message was never \def'ed. If you have
misspelled it (e.g., `\hobx'), type `I' and the correct
spelling (e.g., `I\hbox'). Otherwise just continue,
and I'll forget about whatever was undefined.

! Undefined control sequence.
l.118 {\small\sffamily\color{ocre}\thmname
                                          {#1}\nobreakspace\thmnumber{\@ifno...
The control sequence at the end of the top line
of your error message was never \def'ed. If you have
misspelled it (e.g., `\hobx'), type `I' and the correct
spelling (e.g., `I\hbox'). Otherwise just continue,
and I'll forget about whatever was undefined.

! You can't use `macro parameter character #' in math mode.
l.118 {\small\sffamily\color{ocre}\thmname{#
                                            1}\nobreakspace\thmnumber{\@ifno...
Sorry, but I'm not programmed to handle this case;
I'll just pretend that you didn't ask for it.
If you're in the wrong mode, you might be able to
return to the right one by typing `I}' or `I$' or `I\par'.

! Undefined control sequence.
l.118 ...{ocre}\thmname{#1}\nobreakspace\thmnumber
                                                  {\@ifnotempty{#1}{}\@upn{#...
The control sequence at the end of the top line
of your error message was never \def'ed. If you have
misspelled it (e.g., `\hobx'), type `I' and the correct
spelling (e.g., `I\hbox'). Otherwise just continue,
and I'll forget about whatever was undefined.

! Undefined control sequence.
l.118 ...e{#1}\nobreakspace\thmnumber{\@ifnotempty
                                                  {#1}{}\@upn{#2}}% Theorem ...
The control sequence at the end of the top line
of your error message was never \def'ed. If you have
misspelled it (e.g., `\hobx'), type `I' and the correct
spelling (e.g., `I\hbox'). Otherwise just continue,
and I'll forget about whatever was undefined.

! You can't use `macro parameter character #' in math mode.
l.118 ...#1}\nobreakspace\thmnumber{\@ifnotempty{#
                                                  1}{}\@upn{#2}}% Theorem te...
Sorry, but I'm not programmed to handle this case;
I'll just pretend that you didn't ask for it.
If you're in the wrong mode, you might be able to
return to the right one by typing `I}' or `I$' or `I\par'.

! Undefined control sequence.
l.118 ...akspace\thmnumber{\@ifnotempty{#1}{}\@upn
                                                  {#2}}% Theorem text (e.g. ...
The control sequence at the end of the top line
of your error message was never \def'ed. If you have
misspelled it (e.g., `\hobx'), type `I' and the correct
spelling (e.g., `I\hbox'). Otherwise just continue,
and I'll forget about whatever was undefined.

! You can't use `macro parameter character #' in math mode.
l.118 ...space\thmnumber{\@ifnotempty{#1}{}\@upn{#
                                                  2}}% Theorem text (e.g. Th...
Sorry, but I'm not programmed to handle this case;
I'll just pretend that you didn't ask for it.
If you're in the wrong mode, you might be able to
return to the right one by typing `I}' or `I$' or `I\par'.

! Undefined control sequence.
l.119 \thmnote
              {\nobreakspace\the\thm@notefont\sffamily\bfseries\color{black}...
The control sequence at the end of the top line
of your error message was never \def'ed. If you have
misspelled it (e.g., `\hobx'), type `I' and the correct
spelling (e.g., `I\hbox'). Otherwise just continue,
and I'll forget about whatever was undefined.

! Undefined control sequence.
l.119 \thmnote{\nobreakspace\the\thm@notefont
                                             \sffamily\bfseries\color{black}...
The control sequence at the end of the top line
of your error message was never \def'ed. If you have
misspelled it (e.g., `\hobx'), type `I' and the correct
spelling (e.g., `I\hbox'). Otherwise just continue,
and I'll forget about whatever was undefined.

! You can't use `\relax' after \the.
\sffamily ->\protect 
                     \sffamily  
l.119 ...e{\nobreakspace\the\thm@notefont\sffamily
                                                  \bfseries\color{black}---\...
I'm forgetting what you said and using zero instead.


! LaTeX Error: Command \sffamily invalid in math mode.

See the LaTeX manual or LaTeX Companion for explanation.
Type  H <return>  for immediate help.
 ...                                              
                                                  
l.119 ...e{\nobreakspace\the\thm@notefont\sffamily
                                                  \bfseries\color{black}---\...

Please use the math alphabet \mathsf instead of the \sffamily command. 


! LaTeX Error: Command \bfseries invalid in math mode.

See the LaTeX manual or LaTeX Companion for explanation.
Type  H <return>  for immediate help.
 ...                                              
                                                  
l.119 ...kspace\the\thm@notefont\sffamily\bfseries
                                                  \color{black}---\nobreaksp...

Please use the math alphabet \mathbf instead of the \bfseries command. 

! Undefined control sequence.
l.119 ...\the\thm@notefont\sffamily\bfseries\color
                                                  {black}---\nobreakspace#3....
The control sequence at the end of the top line
of your error message was never \def'ed. If you have
misspelled it (e.g., `\hobx'), type `I' and the correct
spelling (e.g., `I\hbox'). Otherwise just continue,
and I'll forget about whatever was undefined.

! You can't use `macro parameter character #' in math mode.
l.119 ...ly\bfseries\color{black}---\nobreakspace#
                                                  3.}} % Optional theorem note
Sorry, but I'm not programmed to handle this case;
I'll just pretend that you didn't ask for it.
If you're in the wrong mode, you might be able to
return to the right one by typing `I}' or `I$' or `I\par'.


! LaTeX Error: \qedsymbol undefined.

See the LaTeX manual or LaTeX Companion for explanation.
Type  H <return>  for immediate help.
 ...                                              
                                                  
l.120 \renewcommand{\qedsymbol}
                               {$\blacksquare$}% Optional qed square
Try typing  <return>  to proceed.
If that doesn't work, type  X <return>  to quit.

! Missing $ inserted.
<inserted text> 
                $
l.121 
      
I've inserted a begin-math/end-math symbol since I think
you left one out. Proceed, with fingers crossed.


Overfull \hbox (271.58047pt too wide) in paragraph at lines 110--121
[]\OT1/cmss/bx/n/10 ocrenumbox0pt0ptocre$ [][]$ 
 []

! Undefined control sequence.
l.122 \newtheoremstyle
                      {blacknumex}% Theorem style name
The control sequence at the end of the top line
of your error message was never \def'ed. If you have
misspelled it (e.g., `\hobx'), type `I' and the correct
spelling (e.g., `I\hbox'). Otherwise just continue,
and I'll forget about whatever was undefined.


! LaTeX Error: Missing \begin{document}.

See the LaTeX manual or LaTeX Companion for explanation.
Type  H <return>  for immediate help.
 ...                                              
                                                  
l.122 \newtheoremstyle{b
                        lacknumex}% Theorem style name
You're in trouble here.  Try typing  <return>  to proceed.
If that doesn't work, type  X <return>  to quit.

! Undefined control sequence.
l.127 {\small
             \bf\sffamily}% Theorem head font
The control sequence at the end of the top line
of your error message was never \def'ed. If you have
misspelled it (e.g., `\hobx'), type `I' and the correct
spelling (e.g., `I\hbox'). Otherwise just continue,
and I'll forget about whatever was undefined.

! Undefined control sequence.
l.127 {\small\bf
                \sffamily}% Theorem head font
The control sequence at the end of the top line
of your error message was never \def'ed. If you have
misspelled it (e.g., `\hobx'), type `I' and the correct
spelling (e.g., `I\hbox'). Otherwise just continue,
and I'll forget about whatever was undefined.

! Missing $ inserted.
<inserted text> 
                $
l.128 {\;
         }% Punctuation after theorem head
I've inserted a begin-math/end-math symbol since I think
you left one out. Proceed, with fingers crossed.

! Extra }, or forgotten $.
l.128 {\;}
          % Punctuation after theorem head
I've deleted a group-closing symbol because it seems to be
spurious, as in `$x}$'. But perhaps the } is legitimate and
you forgot something else, as in `\hbox{$x}'. In such cases
the way to recover is to insert both the forgotten and the
deleted material, e.g., by typing `I$}'.

! Undefined control sequence.
l.130 {\small
             \sffamily{\tiny\ensuremath{\blacksquare}}\nobreakspace\thmname{...
The control sequence at the end of the top line
of your error message was never \def'ed. If you have
misspelled it (e.g., `\hobx'), type `I' and the correct
spelling (e.g., `I\hbox'). Otherwise just continue,
and I'll forget about whatever was undefined.


! LaTeX Error: Command \sffamily invalid in math mode.

See the LaTeX manual or LaTeX Companion for explanation.
Type  H <return>  for immediate help.
 ...                                              
                                                  
l.130 {\small\sffamily
                      {\tiny\ensuremath{\blacksquare}}\nobreakspace\thmname{...

Please use the math alphabet \mathsf instead of the \sffamily command. 

! Undefined control sequence.
l.130 {\small\sffamily{\tiny
                            \ensuremath{\blacksquare}}\nobreakspace\thmname{...
The control sequence at the end of the top line
of your error message was never \def'ed. If you have
misspelled it (e.g., `\hobx'), type `I' and the correct
spelling (e.g., `I\hbox'). Otherwise just continue,
and I'll forget about whatever was undefined.

! Undefined control sequence.
<argument> \blacksquare 
                        
l.130 ...l\sffamily{\tiny\ensuremath{\blacksquare}
                                                  }\nobreakspace\thmname{#1}...
The control sequence at the end of the top line
of your error message was never \def'ed. If you have
misspelled it (e.g., `\hobx'), type `I' and the correct
spelling (e.g., `I\hbox'). Otherwise just continue,
and I'll forget about whatever was undefined.

! Undefined control sequence.
l.130 ...emath{\blacksquare}}\nobreakspace\thmname
                                                  {#1}\nobreakspace\thmnumbe...
The control sequence at the end of the top line
of your error message was never \def'ed. If you have
misspelled it (e.g., `\hobx'), type `I' and the correct
spelling (e.g., `I\hbox'). Otherwise just continue,
and I'll forget about whatever was undefined.

! You can't use `macro parameter character #' in math mode.
l.130 ...ath{\blacksquare}}\nobreakspace\thmname{#
                                                  1}\nobreakspace\thmnumber{...
Sorry, but I'm not programmed to handle this case;
I'll just pretend that you didn't ask for it.
If you're in the wrong mode, you might be able to
return to the right one by typing `I}' or `I$' or `I\par'.

! Undefined control sequence.
l.130 ...kspace\thmname{#1}\nobreakspace\thmnumber
                                                  {\@ifnotempty{#1}{}\@upn{#...
The control sequence at the end of the top line
of your error message was never \def'ed. If you have
misspelled it (e.g., `\hobx'), type `I' and the correct
spelling (e.g., `I\hbox'). Otherwise just continue,
and I'll forget about whatever was undefined.

! Undefined control sequence.
l.130 ...e{#1}\nobreakspace\thmnumber{\@ifnotempty
                                                  {#1}{}\@upn{#2}}% Theorem ...
The control sequence at the end of the top line
of your error message was never \def'ed. If you have
misspelled it (e.g., `\hobx'), type `I' and the correct
spelling (e.g., `I\hbox'). Otherwise just continue,
and I'll forget about whatever was undefined.

! You can't use `macro parameter character #' in math mode.
l.130 ...#1}\nobreakspace\thmnumber{\@ifnotempty{#
                                                  1}{}\@upn{#2}}% Theorem te...
Sorry, but I'm not programmed to handle this case;
I'll just pretend that you didn't ask for it.
If you're in the wrong mode, you might be able to
return to the right one by typing `I}' or `I$' or `I\par'.

! Undefined control sequence.
l.130 ...akspace\thmnumber{\@ifnotempty{#1}{}\@upn
                                                  {#2}}% Theorem text (e.g. ...
The control sequence at the end of the top line
of your error message was never \def'ed. If you have
misspelled it (e.g., `\hobx'), type `I' and the correct
spelling (e.g., `I\hbox'). Otherwise just continue,
and I'll forget about whatever was undefined.

! You can't use `macro parameter character #' in math mode.
l.130 ...space\thmnumber{\@ifnotempty{#1}{}\@upn{#
                                                  2}}% Theorem text (e.g. Th...
Sorry, but I'm not programmed to handle this case;
I'll just pretend that you didn't ask for it.
If you're in the wrong mode, you might be able to
return to the right one by typing `I}' or `I$' or `I\par'.

! Undefined control sequence.
l.131 \thmnote
              {\nobreakspace\the\thm@notefont\sffamily\bfseries---\nobreaksp...
The control sequence at the end of the top line
of your error message was never \def'ed. If you have
misspelled it (e.g., `\hobx'), type `I' and the correct
spelling (e.g., `I\hbox'). Otherwise just continue,
and I'll forget about whatever was undefined.

! Undefined control sequence.
l.131 \thmnote{\nobreakspace\the\thm@notefont
                                             \sffamily\bfseries---\nobreaksp...
The control sequence at the end of the top line
of your error message was never \def'ed. If you have
misspelled it (e.g., `\hobx'), type `I' and the correct
spelling (e.g., `I\hbox'). Otherwise just continue,
and I'll forget about whatever was undefined.

! You can't use `\relax' after \the.
\sffamily ->\protect 
                     \sffamily  
l.131 ...e{\nobreakspace\the\thm@notefont\sffamily
                                                  \bfseries---\nobreakspace#...
I'm forgetting what you said and using zero instead.


! LaTeX Error: Command \sffamily invalid in math mode.

See the LaTeX manual or LaTeX Companion for explanation.
Type  H <return>  for immediate help.
 ...                                              
                                                  
l.131 ...e{\nobreakspace\the\thm@notefont\sffamily
                                                  \bfseries---\nobreakspace#...

Please use the math alphabet \mathsf instead of the \sffamily command. 


! LaTeX Error: Command \bfseries invalid in math mode.

See the LaTeX manual or LaTeX Companion for explanation.
Type  H <return>  for immediate help.
 ...                                              
                                                  
l.131 ...kspace\the\thm@notefont\sffamily\bfseries
                                                  ---\nobreakspace#3.}}% Opt...

Please use the math alphabet \mathbf instead of the \bfseries command. 

! You can't use `macro parameter character #' in math mode.
l.131 ...tefont\sffamily\bfseries---\nobreakspace#
                                                  3.}}% Optional theorem note
Sorry, but I'm not programmed to handle this case;
I'll just pretend that you didn't ask for it.
If you're in the wrong mode, you might be able to
return to the right one by typing `I}' or `I$' or `I\par'.

! Missing $ inserted.
<inserted text> 
                $
l.132 
      
I've inserted a begin-math/end-math symbol since I think
you left one out. Proceed, with fingers crossed.


Overfull \hbox (103.917pt too wide) in paragraph at lines 122--132
[]\OT1/cmss/bx/n/10 blacknumex5pt5pt
 []


Overfull \hbox (105.88092pt too wide) in paragraph at lines 122--132
[][]$ 
 []

! Undefined control sequence.
l.133 \newtheoremstyle
                      {blacknumbox} % Theorem style name
The control sequence at the end of the top line
of your error message was never \def'ed. If you have
misspelled it (e.g., `\hobx'), type `I' and the correct
spelling (e.g., `I\hbox'). Otherwise just continue,
and I'll forget about whatever was undefined.


! LaTeX Error: Missing \begin{document}.

See the LaTeX manual or LaTeX Companion for explanation.
Type  H <return>  for immediate help.
 ...                                              
                                                  
l.133 \newtheoremstyle{b
                        lacknumbox} % Theorem style name
You're in trouble here.  Try typing  <return>  to proceed.
If that doesn't work, type  X <return>  to quit.

! Undefined control sequence.
l.138 {\small
             \bf\sffamily}% Theorem head font
The control sequence at the end of the top line
of your error message was never \def'ed. If you have
misspelled it (e.g., `\hobx'), type `I' and the correct
spelling (e.g., `I\hbox'). Otherwise just continue,
and I'll forget about whatever was undefined.

! Undefined control sequence.
l.138 {\small\bf
                \sffamily}% Theorem head font
The control sequence at the end of the top line
of your error message was never \def'ed. If you have
misspelled it (e.g., `\hobx'), type `I' and the correct
spelling (e.g., `I\hbox'). Otherwise just continue,
and I'll forget about whatever was undefined.

! Missing $ inserted.
<inserted text> 
                $
l.139 {\;
         }% Punctuation after theorem head
I've inserted a begin-math/end-math symbol since I think
you left one out. Proceed, with fingers crossed.

! Extra }, or forgotten $.
l.139 {\;}
          % Punctuation after theorem head
I've deleted a group-closing symbol because it seems to be
spurious, as in `$x}$'. But perhaps the } is legitimate and
you forgot something else, as in `\hbox{$x}'. In such cases
the way to recover is to insert both the forgotten and the
deleted material, e.g., by typing `I$}'.

! Undefined control sequence.
l.141 {\small
             \sffamily\thmname{#1}\nobreakspace\thmnumber{\@ifnotempty{#1}{}...
The control sequence at the end of the top line
of your error message was never \def'ed. If you have
misspelled it (e.g., `\hobx'), type `I' and the correct
spelling (e.g., `I\hbox'). Otherwise just continue,
and I'll forget about whatever was undefined.


! LaTeX Error: Command \sffamily invalid in math mode.

See the LaTeX manual or LaTeX Companion for explanation.
Type  H <return>  for immediate help.
 ...                                              
                                                  
l.141 {\small\sffamily
                      \thmname{#1}\nobreakspace\thmnumber{\@ifnotempty{#1}{}...

Please use the math alphabet \mathsf instead of the \sffamily command. 

! Undefined control sequence.
l.141 {\small\sffamily\thmname
                              {#1}\nobreakspace\thmnumber{\@ifnotempty{#1}{}...
The control sequence at the end of the top line
of your error message was never \def'ed. If you have
misspelled it (e.g., `\hobx'), type `I' and the correct
spelling (e.g., `I\hbox'). Otherwise just continue,
and I'll forget about whatever was undefined.

! You can't use `macro parameter character #' in math mode.
l.141 {\small\sffamily\thmname{#
                                1}\nobreakspace\thmnumber{\@ifnotempty{#1}{}...
Sorry, but I'm not programmed to handle this case;
I'll just pretend that you didn't ask for it.
If you're in the wrong mode, you might be able to
return to the right one by typing `I}' or `I$' or `I\par'.

! Undefined control sequence.
l.141 ...family\thmname{#1}\nobreakspace\thmnumber
                                                  {\@ifnotempty{#1}{}\@upn{#...
The control sequence at the end of the top line
of your error message was never \def'ed. If you have
misspelled it (e.g., `\hobx'), type `I' and the correct
spelling (e.g., `I\hbox'). Otherwise just continue,
and I'll forget about whatever was undefined.

! Undefined control sequence.
l.141 ...e{#1}\nobreakspace\thmnumber{\@ifnotempty
                                                  {#1}{}\@upn{#2}}% Theorem ...
The control sequence at the end of the top line
of your error message was never \def'ed. If you have
misspelled it (e.g., `\hobx'), type `I' and the correct
spelling (e.g., `I\hbox'). Otherwise just continue,
and I'll forget about whatever was undefined.

! You can't use `macro parameter character #' in math mode.
l.141 ...#1}\nobreakspace\thmnumber{\@ifnotempty{#
                                                  1}{}\@upn{#2}}% Theorem te...
Sorry, but I'm not programmed to handle this case;
I'll just pretend that you didn't ask for it.
If you're in the wrong mode, you might be able to
return to the right one by typing `I}' or `I$' or `I\par'.

! Undefined control sequence.
l.141 ...akspace\thmnumber{\@ifnotempty{#1}{}\@upn
                                                  {#2}}% Theorem text (e.g. ...
The control sequence at the end of the top line
of your error message was never \def'ed. If you have
misspelled it (e.g., `\hobx'), type `I' and the correct
spelling (e.g., `I\hbox'). Otherwise just continue,
and I'll forget about whatever was undefined.

! You can't use `macro parameter character #' in math mode.
l.141 ...space\thmnumber{\@ifnotempty{#1}{}\@upn{#
                                                  2}}% Theorem text (e.g. Th...
Sorry, but I'm not programmed to handle this case;
I'll just pretend that you didn't ask for it.
If you're in the wrong mode, you might be able to
return to the right one by typing `I}' or `I$' or `I\par'.

! Undefined control sequence.
l.142 \thmnote
              {\nobreakspace\the\thm@notefont\sffamily\bfseries---\nobreaksp...
The control sequence at the end of the top line
of your error message was never \def'ed. If you have
misspelled it (e.g., `\hobx'), type `I' and the correct
spelling (e.g., `I\hbox'). Otherwise just continue,
and I'll forget about whatever was undefined.

! Undefined control sequence.
l.142 \thmnote{\nobreakspace\the\thm@notefont
                                             \sffamily\bfseries---\nobreaksp...
The control sequence at the end of the top line
of your error message was never \def'ed. If you have
misspelled it (e.g., `\hobx'), type `I' and the correct
spelling (e.g., `I\hbox'). Otherwise just continue,
and I'll forget about whatever was undefined.

! You can't use `\relax' after \the.
\sffamily ->\protect 
                     \sffamily  
l.142 ...e{\nobreakspace\the\thm@notefont\sffamily
                                                  \bfseries---\nobreakspace#...
I'm forgetting what you said and using zero instead.


! LaTeX Error: Command \sffamily invalid in math mode.

See the LaTeX manual or LaTeX Companion for explanation.
Type  H <return>  for immediate help.
 ...                                              
                                                  
l.142 ...e{\nobreakspace\the\thm@notefont\sffamily
                                                  \bfseries---\nobreakspace#...

Please use the math alphabet \mathsf instead of the \sffamily command. 


! LaTeX Error: Command \bfseries invalid in math mode.

See the LaTeX manual or LaTeX Companion for explanation.
Type  H <return>  for immediate help.
 ...                                              
                                                  
l.142 ...kspace\the\thm@notefont\sffamily\bfseries
                                                  ---\nobreakspace#3:}}% Opt...

Please use the math alphabet \mathbf instead of the \bfseries command. 

! You can't use `macro parameter character #' in math mode.
l.142 ...tefont\sffamily\bfseries---\nobreakspace#
                                                  3:}}% Optional theorem note
Sorry, but I'm not programmed to handle this case;
I'll just pretend that you didn't ask for it.
If you're in the wrong mode, you might be able to
return to the right one by typing `I}' or `I$' or `I\par'.

! Missing $ inserted.
<inserted text> 
                $
l.143 
      
I've inserted a begin-math/end-math symbol since I think
you left one out. Proceed, with fingers crossed.


Overfull \hbox (79.61134pt too wide) in paragraph at lines 133--143
[]\OT1/cmss/bx/n/10 blacknumbox
 []


Overfull \hbox (106.86111pt too wide) in paragraph at lines 133--143
\OT1/cmss/bx/n/10 0pt0pt$ [][]$ 
 []

! Undefined control sequence.
l.147 \newtheoremstyle
                      {ocrenum}% % Theorem style name
The control sequence at the end of the top line
of your error message was never \def'ed. If you have
misspelled it (e.g., `\hobx'), type `I' and the correct
spelling (e.g., `I\hbox'). Otherwise just continue,
and I'll forget about whatever was undefined.


! LaTeX Error: Missing \begin{document}.

See the LaTeX manual or LaTeX Companion for explanation.
Type  H <return>  for immediate help.
 ...                                              
                                                  
l.147 \newtheoremstyle{o
                        crenum}% % Theorem style name
You're in trouble here.  Try typing  <return>  to proceed.
If that doesn't work, type  X <return>  to quit.

! Undefined control sequence.
l.152 {\small
             \bf\sffamily\color{ocre}}% % Theorem head font
The control sequence at the end of the top line
of your error message was never \def'ed. If you have
misspelled it (e.g., `\hobx'), type `I' and the correct
spelling (e.g., `I\hbox'). Otherwise just continue,
and I'll forget about whatever was undefined.

! Undefined control sequence.
l.152 {\small\bf
                \sffamily\color{ocre}}% % Theorem head font
The control sequence at the end of the top line
of your error message was never \def'ed. If you have
misspelled it (e.g., `\hobx'), type `I' and the correct
spelling (e.g., `I\hbox'). Otherwise just continue,
and I'll forget about whatever was undefined.

! Undefined control sequence.
l.152 {\small\bf\sffamily\color
                               {ocre}}% % Theorem head font
The control sequence at the end of the top line
of your error message was never \def'ed. If you have
misspelled it (e.g., `\hobx'), type `I' and the correct
spelling (e.g., `I\hbox'). Otherwise just continue,
and I'll forget about whatever was undefined.

! Missing $ inserted.
<inserted text> 
                $
l.153 {\;
         }% Punctuation after theorem head
I've inserted a begin-math/end-math symbol since I think
you left one out. Proceed, with fingers crossed.

! Extra }, or forgotten $.
l.153 {\;}
          % Punctuation after theorem head
I've deleted a group-closing symbol because it seems to be
spurious, as in `$x}$'. But perhaps the } is legitimate and
you forgot something else, as in `\hbox{$x}'. In such cases
the way to recover is to insert both the forgotten and the
deleted material, e.g., by typing `I$}'.

! Undefined control sequence.
l.155 {\small
             \sffamily\color{ocre}\thmname{#1}\nobreakspace\thmnumber{\@ifno...
The control sequence at the end of the top line
of your error message was never \def'ed. If you have
misspelled it (e.g., `\hobx'), type `I' and the correct
spelling (e.g., `I\hbox'). Otherwise just continue,
and I'll forget about whatever was undefined.


! LaTeX Error: Command \sffamily invalid in math mode.

See the LaTeX manual or LaTeX Companion for explanation.
Type  H <return>  for immediate help.
 ...                                              
                                                  
l.155 {\small\sffamily
                      \color{ocre}\thmname{#1}\nobreakspace\thmnumber{\@ifno...

Please use the math alphabet \mathsf instead of the \sffamily command. 

! Undefined control sequence.
l.155 {\small\sffamily\color
                            {ocre}\thmname{#1}\nobreakspace\thmnumber{\@ifno...
The control sequence at the end of the top line
of your error message was never \def'ed. If you have
misspelled it (e.g., `\hobx'), type `I' and the correct
spelling (e.g., `I\hbox'). Otherwise just continue,
and I'll forget about whatever was undefined.

! Undefined control sequence.
l.155 {\small\sffamily\color{ocre}\thmname
                                          {#1}\nobreakspace\thmnumber{\@ifno...
The control sequence at the end of the top line
of your error message was never \def'ed. If you have
misspelled it (e.g., `\hobx'), type `I' and the correct
spelling (e.g., `I\hbox'). Otherwise just continue,
and I'll forget about whatever was undefined.

! You can't use `macro parameter character #' in math mode.
l.155 {\small\sffamily\color{ocre}\thmname{#
                                            1}\nobreakspace\thmnumber{\@ifno...
Sorry, but I'm not programmed to handle this case;
I'll just pretend that you didn't ask for it.
If you're in the wrong mode, you might be able to
return to the right one by typing `I}' or `I$' or `I\par'.

! Undefined control sequence.
l.155 ...{ocre}\thmname{#1}\nobreakspace\thmnumber
                                                  {\@ifnotempty{#1}{}\@upn{#...
The control sequence at the end of the top line
of your error message was never \def'ed. If you have
misspelled it (e.g., `\hobx'), type `I' and the correct
spelling (e.g., `I\hbox'). Otherwise just continue,
and I'll forget about whatever was undefined.

! Undefined control sequence.
l.155 ...e{#1}\nobreakspace\thmnumber{\@ifnotempty
                                                  {#1}{}\@upn{#2}}% Theorem ...
The control sequence at the end of the top line
of your error message was never \def'ed. If you have
misspelled it (e.g., `\hobx'), type `I' and the correct
spelling (e.g., `I\hbox'). Otherwise just continue,
and I'll forget about whatever was undefined.

! You can't use `macro parameter character #' in math mode.
l.155 ...#1}\nobreakspace\thmnumber{\@ifnotempty{#
                                                  1}{}\@upn{#2}}% Theorem te...
Sorry, but I'm not programmed to handle this case;
I'll just pretend that you didn't ask for it.
If you're in the wrong mode, you might be able to
return to the right one by typing `I}' or `I$' or `I\par'.

! Undefined control sequence.
l.155 ...akspace\thmnumber{\@ifnotempty{#1}{}\@upn
                                                  {#2}}% Theorem text (e.g. ...
The control sequence at the end of the top line
of your error message was never \def'ed. If you have
misspelled it (e.g., `\hobx'), type `I' and the correct
spelling (e.g., `I\hbox'). Otherwise just continue,
and I'll forget about whatever was undefined.

! You can't use `macro parameter character #' in math mode.
l.155 ...space\thmnumber{\@ifnotempty{#1}{}\@upn{#
                                                  2}}% Theorem text (e.g. Th...
Sorry, but I'm not programmed to handle this case;
I'll just pretend that you didn't ask for it.
If you're in the wrong mode, you might be able to
return to the right one by typing `I}' or `I$' or `I\par'.

! Undefined control sequence.
l.156 \thmnote
              {\nobreakspace\the\thm@notefont\sffamily\bfseries\color{black}...
The control sequence at the end of the top line
of your error message was never \def'ed. If you have
misspelled it (e.g., `\hobx'), type `I' and the correct
spelling (e.g., `I\hbox'). Otherwise just continue,
and I'll forget about whatever was undefined.

! Undefined control sequence.
l.156 \thmnote{\nobreakspace\the\thm@notefont
                                             \sffamily\bfseries\color{black}...
The control sequence at the end of the top line
of your error message was never \def'ed. If you have
misspelled it (e.g., `\hobx'), type `I' and the correct
spelling (e.g., `I\hbox'). Otherwise just continue,
and I'll forget about whatever was undefined.

! You can't use `\relax' after \the.
\sffamily ->\protect 
                     \sffamily  
l.156 ...e{\nobreakspace\the\thm@notefont\sffamily
                                                  \bfseries\color{black}---\...
I'm forgetting what you said and using zero instead.


! LaTeX Error: Command \sffamily invalid in math mode.

See the LaTeX manual or LaTeX Companion for explanation.
Type  H <return>  for immediate help.
 ...                                              
                                                  
l.156 ...e{\nobreakspace\the\thm@notefont\sffamily
                                                  \bfseries\color{black}---\...

Please use the math alphabet \mathsf instead of the \sffamily command. 


! LaTeX Error: Command \bfseries invalid in math mode.

See the LaTeX manual or LaTeX Companion for explanation.
Type  H <return>  for immediate help.
 ...                                              
                                                  
l.156 ...kspace\the\thm@notefont\sffamily\bfseries
                                                  \color{black}---\nobreaksp...

Please use the math alphabet \mathbf instead of the \bfseries command. 

! Undefined control sequence.
l.156 ...\the\thm@notefont\sffamily\bfseries\color
                                                  {black}---\nobreakspace#3....
The control sequence at the end of the top line
of your error message was never \def'ed. If you have
misspelled it (e.g., `\hobx'), type `I' and the correct
spelling (e.g., `I\hbox'). Otherwise just continue,
and I'll forget about whatever was undefined.

! You can't use `macro parameter character #' in math mode.
l.156 ...ly\bfseries\color{black}---\nobreakspace#
                                                  3.}} % Optional theorem note
Sorry, but I'm not programmed to handle this case;
I'll just pretend that you didn't ask for it.
If you're in the wrong mode, you might be able to
return to the right one by typing `I}' or `I$' or `I\par'.


! LaTeX Error: \qedsymbol undefined.

See the LaTeX manual or LaTeX Companion for explanation.
Type  H <return>  for immediate help.
 ...                                              
                                                  
l.157 \renewcommand{\qedsymbol}
                               {$\blacksquare$}% Optional qed square
Try typing  <return>  to proceed.
If that doesn't work, type  X <return>  to quit.

! Missing $ inserted.
<inserted text> 
                $
l.159 
      
I've inserted a begin-math/end-math symbol since I think
you left one out. Proceed, with fingers crossed.


Overfull \hbox (255.4693pt too wide) in paragraph at lines 147--159
[]\OT1/cmss/bx/n/10 ocrenum5pt5ptocre$ [][]$ 
 []

\c@dummy=\count80
! Undefined control sequence.
<recently read> \numberwithin 
                              
l.162 \numberwithin
                   {dummy}{section}
The control sequence at the end of the top line
of your error message was never \def'ed. If you have
misspelled it (e.g., `\hobx'), type `I' and the correct
spelling (e.g., `I\hbox'). Otherwise just continue,
and I'll forget about whatever was undefined.


! LaTeX Error: Missing \begin{document}.

See the LaTeX manual or LaTeX Companion for explanation.
Type  H <return>  for immediate help.
 ...                                              
                                                  
l.162 \numberwithin{d
                     ummy}{section}
You're in trouble here.  Try typing  <return>  to proceed.
If that doesn't work, type  X <return>  to quit.

! Undefined control sequence.
l.163 \theoremstyle
                   {ocrenumbox}
The control sequence at the end of the top line
of your error message was never \def'ed. If you have
misspelled it (e.g., `\hobx'), type `I' and the correct
spelling (e.g., `I\hbox'). Otherwise just continue,
and I'll forget about whatever was undefined.

\c@problem=\count81

! LaTeX Error: No counter 'chapter' defined.

See the LaTeX manual or LaTeX Companion for explanation.
Type  H <return>  for immediate help.
 ...                                              
                                                  
l.165 \newtheorem{problem}{Problem}[chapter]
                                            
Your command was ignored.
Type  I <command> <return>  to replace it with another command,
or  <return>  to continue without it.

\c@exerciseT=\count82

! LaTeX Error: No counter 'chapter' defined.

See the LaTeX manual or LaTeX Companion for explanation.
Type  H <return>  for immediate help.
 ...                                              
                                                  
l.166 \newtheorem{exerciseT}{Zadanie}[chapter]
                                              
Your command was ignored.
Type  I <command> <return>  to replace it with another command,
or  <return>  to continue without it.

! Undefined control sequence.
l.167 \theoremstyle
                   {blacknumex}
The control sequence at the end of the top line
of your error message was never \def'ed. If you have
misspelled it (e.g., `\hobx'), type `I' and the correct
spelling (e.g., `I\hbox'). Otherwise just continue,
and I'll forget about whatever was undefined.

\c@exampleT=\count83

! LaTeX Error: No counter 'chapter' defined.

See the LaTeX manual or LaTeX Companion for explanation.
Type  H <return>  for immediate help.
 ...                                              
                                                  
l.168 \newtheorem{exampleT}{Example}[chapter]
                                             
Your command was ignored.
Type  I <command> <return>  to replace it with another command,
or  <return>  to continue without it.

! Undefined control sequence.
l.169 \theoremstyle
                   {blacknumbox}
The control sequence at the end of the top line
of your error message was never \def'ed. If you have
misspelled it (e.g., `\hobx'), type `I' and the correct
spelling (e.g., `I\hbox'). Otherwise just continue,
and I'll forget about whatever was undefined.

\c@vocabulary=\count84

! LaTeX Error: No counter 'chapter' defined.

See the LaTeX manual or LaTeX Companion for explanation.
Type  H <return>  for immediate help.
 ...                                              
                                                  
l.170 \newtheorem{vocabulary}{Vocabulary}[chapter]
                                                  
Your command was ignored.
Type  I <command> <return>  to replace it with another command,
or  <return>  to continue without it.

\c@definitionT=\count85

! LaTeX Error: No counter 'section' defined.

See the LaTeX manual or LaTeX Companion for explanation.
Type  H <return>  for immediate help.
 ...                                              
                                                  
l.171 ...theorem{definitionT}{Definition}[section]
                                                  
Your command was ignored.
Type  I <command> <return>  to replace it with another command,
or  <return>  to continue without it.

! Undefined control sequence.
l.173 \theoremstyle
                   {ocrenum}
The control sequence at the end of the top line
of your error message was never \def'ed. If you have
misspelled it (e.g., `\hobx'), type `I' and the correct
spelling (e.g., `I\hbox'). Otherwise just continue,
and I'll forget about whatever was undefined.


Overfull \hbox (85.48082pt too wide) in paragraph at lines 162--175
[]\OT1/cmss/bx/n/10 dummysection
 []


Overfull \hbox (23.19456pt too wide) in paragraph at lines 162--175
\OT1/cmss/bx/n/10 ocre-
 []


Overfull \hbox (23.55565pt too wide) in paragraph at lines 162--175
\OT1/cmss/bx/n/10 num-
 []


Overfull \hbox (16.11118pt too wide) in paragraph at lines 162--175
\OT1/cmss/bx/n/10 box
 []


Overfull \hbox (27.2779pt too wide) in paragraph at lines 162--175
\OT1/cmss/bx/n/10 black-
 []


Overfull \hbox (14.88895pt too wide) in paragraph at lines 162--175
\OT1/cmss/bx/n/10 nu-
 []


Overfull \hbox (18.77785pt too wide) in paragraph at lines 162--175
\OT1/cmss/bx/n/10 mex
 []


Overfull \hbox (27.2779pt too wide) in paragraph at lines 162--175
\OT1/cmss/bx/n/10 black-
 []


Overfull \hbox (23.55565pt too wide) in paragraph at lines 162--175
\OT1/cmss/bx/n/10 num-
 []


Overfull \hbox (16.11118pt too wide) in paragraph at lines 162--175
\OT1/cmss/bx/n/10 box
 []


Overfull \hbox (23.19456pt too wide) in paragraph at lines 162--175
\OT1/cmss/bx/n/10 ocre-
 []


Overfull \hbox (19.88896pt too wide) in paragraph at lines 162--175
\OT1/cmss/bx/n/10 num
 []


! LaTeX Error: File `mdframed.sty' not found.

Type X to quit or <RETURN> to proceed,
or enter new name. (Default extension: sty)

Enter file name: 
! Emergency stop.
<read *> 
         
l.181 ^^M
         
*** (cannot \read from terminal in nonstop modes)

 
Here is how much of TeX's memory you used:
 80 strings out of 495000
 940 string characters out of 6180827
 48817 words of memory out of 5000000
 3389 multiletter control sequences out of 15000+600000
 4239 words of font info for 16 fonts, out of 8000000 for 9000
 34 hyphenation exceptions out of 8191
 19i,4n,12p,191b,152s stack positions out of 5000i,500n,10000p,200000b,80000s
No pages of output.
