INFO:sim:172 - Generating IP...
WARNING:sim - Verilog simulation file type 'Behavioral' is not valid for this
   core. Overriding with simulation file type 'Structural'.
Resolving generics for 'mult_255'...
WARNING:sim - Verilog simulation file type 'Behavioral' is not valid for this
   core. Overriding with simulation file type 'Structural'.
Applying external generics to 'mult_255'...
Delivering associated files for 'mult_255'...
Generating implementation netlist for 'mult_255'...
INFO:sim - Pre-processing HDL files for 'mult_255'...
Running synthesis for 'mult_255'
Running ngcbuild...
Writing VEO instantiation template for 'mult_255'...
WARNING:sim - Verilog simulation file type 'Behavioral' is not valid for this
   core. Overriding with simulation file type 'Structural'.
Writing Verilog structural simulation model for 'mult_255'...
WARNING:sim - Verilog simulation file type 'Behavioral' is not valid for this
   core. Overriding with simulation file type 'Structural'.
Delivered 3 files into directory
/home/kyhu/Workspace/WSW/wsw-neuro/ISE/neuro_skin/ipcore_dir/tmp/_cg/mult_255
Delivered 1 file into directory
/home/kyhu/Workspace/WSW/wsw-neuro/ISE/neuro_skin/ipcore_dir/tmp/_cg/mult_255
Generating ASY schematic symbol...
ERROR:sim:938 - Error while preparing for IP customization
ERROR:sim - Failed to initialize IP model.
WARNING:sim:946 - Failed to initialise IP Model for ASY schematic symbol
ERROR:sim:944 - Failed to generate ASY schematic symbol.
ERROR:sim - Failed to generate 'mult_255'.  Failed to initialise IP Model for
   ASY schematic symbol

Wrote CGP file for project 'mult_255'.
