This is pdfTeX, Version 3.1415926-2.5-1.40.14 (MiKTeX 2.9) (preloaded format=pdflatex 2015.1.31)  1 FEB 2015 09:16
entering extended mode
**main.tex

("D:\userdata\rwlodarz\My Documents\GitHub\wsw-neuro\latex\___skrypt_wzor\main.
tex"
LaTeX2e <2011/06/27>
Babel <v3.8m> and hyphenation patterns for english, afrikaans, ancientgreek, ar
abic, armenian, assamese, basque, bengali, bokmal, bulgarian, catalan, coptic, 
croatian, czech, danish, dutch, esperanto, estonian, farsi, finnish, french, ga
lician, german, german-x-2013-05-26, greek, gujarati, hindi, hungarian, iceland
ic, indonesian, interlingua, irish, italian, kannada, kurmanji, latin, latvian,
 lithuanian, malayalam, marathi, mongolian, mongolianlmc, monogreek, ngerman, n
german-x-2013-05-26, nynorsk, oriya, panjabi, pinyin, polish, portuguese, roman
ian, russian, sanskrit, serbian, slovak, slovenian, spanish, swedish, swissgerm
an, tamil, telugu, turkish, turkmen, ukenglish, ukrainian, uppersorbian, usengl
ishmax, welsh, loaded.
(D:\ToRemove\MiKTeX\tex\latex\base\book.cls
Document Class: book 2007/10/19 v1.4h Standard LaTeX document class
(D:\ToRemove\MiKTeX\tex\latex\base\fleqn.clo
File: fleqn.clo 1998/08/17 v1.1c Standard LaTeX option (flush left equations)
\mathindent=\dimen102
)
(D:\ToRemove\MiKTeX\tex\latex\base\bk11.clo
File: bk11.clo 2007/10/19 v1.4h Standard LaTeX file (size option)
)
\c@part=\count79
\c@chapter=\count80
\c@section=\count81
\c@subsection=\count82
\c@subsubsection=\count83
\c@paragraph=\count84
\c@subparagraph=\count85
\c@figure=\count86
\c@table=\count87
\abovecaptionskip=\skip41
\belowcaptionskip=\skip42
\bibindent=\dimen103
)
(D:\ToRemove\MiKTeX\tex\latex\geometry\geometry.sty
Package: geometry 2010/09/12 v5.6 Page Geometry

(D:\ToRemove\MiKTeX\tex\latex\graphics\keyval.sty
Package: keyval 1999/03/16 v1.13 key=value parser (DPC)
\KV@toks@=\toks14
)
(D:\ToRemove\MiKTeX\tex\generic\oberdiek\ifpdf.sty
Package: ifpdf 2011/01/30 v2.3 Provides the ifpdf switch (HO)
Package ifpdf Info: pdfTeX in PDF mode is detected.
)
(D:\ToRemove\MiKTeX\tex\generic\oberdiek\ifvtex.sty
Package: ifvtex 2010/03/01 v1.5 Detect VTeX and its facilities (HO)
Package ifvtex Info: VTeX not detected.
)
(D:\ToRemove\MiKTeX\tex\generic\ifxetex\ifxetex.sty
Package: ifxetex 2010/09/12 v0.6 Provides ifxetex conditional
)
\Gm@cnth=\count88
\Gm@cntv=\count89
\c@Gm@tempcnt=\count90
\Gm@bindingoffset=\dimen104
\Gm@wd@mp=\dimen105
\Gm@odd@mp=\dimen106
\Gm@even@mp=\dimen107
\Gm@layoutwidth=\dimen108
\Gm@layoutheight=\dimen109
\Gm@layouthoffset=\dimen110
\Gm@layoutvoffset=\dimen111
\Gm@dimlist=\toks15

(D:\ToRemove\MiKTeX\tex\latex\geometry\geometry.cfg))
(D:\ToRemove\MiKTeX\tex\latex\xcolor\xcolor.sty
Package: xcolor 2007/01/21 v2.11 LaTeX color extensions (UK)

(D:\ToRemove\MiKTeX\tex\latex\00miktex\color.cfg
File: color.cfg 2007/01/18 v1.5 color configuration of teTeX/TeXLive
)
Package xcolor Info: Driver file: pdftex.def on input line 225.

(D:\ToRemove\MiKTeX\tex\latex\pdftex-def\pdftex.def
File: pdftex.def 2011/05/27 v0.06d Graphics/color for pdfTeX

(D:\ToRemove\MiKTeX\tex\generic\oberdiek\infwarerr.sty
Package: infwarerr 2010/04/08 v1.3 Providing info/warning/error messages (HO)
)
(D:\ToRemove\MiKTeX\tex\generic\oberdiek\ltxcmds.sty
Package: ltxcmds 2011/11/09 v1.22 LaTeX kernel commands for general use (HO)
)
\Gread@gobject=\count91
)
Package xcolor Info: Model `cmy' substituted by `cmy0' on input line 1337.
Package xcolor Info: Model `hsb' substituted by `rgb' on input line 1341.
Package xcolor Info: Model `RGB' extended on input line 1353.
Package xcolor Info: Model `HTML' substituted by `rgb' on input line 1355.
Package xcolor Info: Model `Hsb' substituted by `hsb' on input line 1356.
Package xcolor Info: Model `tHsb' substituted by `hsb' on input line 1357.
Package xcolor Info: Model `HSB' substituted by `hsb' on input line 1358.
Package xcolor Info: Model `Gray' substituted by `gray' on input line 1359.
Package xcolor Info: Model `wave' substituted by `hsb' on input line 1360.
)
(D:\ToRemove\MiKTeX\tex\latex\psnfss\avant.sty
Package: avant 2005/04/12 PSNFSS-v9.2a (SPQR) 
)
(D:\ToRemove\MiKTeX\tex\latex\psnfss\mathptmx.sty
Package: mathptmx 2005/04/12 PSNFSS-v9.2a Times w/ Math, improved (SPQR, WaS) 
LaTeX Font Info:    Redeclaring symbol font `operators' on input line 28.
LaTeX Font Info:    Overwriting symbol font `operators' in version `normal'
(Font)                  OT1/cmr/m/n --> OT1/ztmcm/m/n on input line 28.
LaTeX Font Info:    Overwriting symbol font `operators' in version `bold'
(Font)                  OT1/cmr/bx/n --> OT1/ztmcm/m/n on input line 28.
LaTeX Font Info:    Redeclaring symbol font `letters' on input line 29.
LaTeX Font Info:    Overwriting symbol font `letters' in version `normal'
(Font)                  OML/cmm/m/it --> OML/ztmcm/m/it on input line 29.
LaTeX Font Info:    Overwriting symbol font `letters' in version `bold'
(Font)                  OML/cmm/b/it --> OML/ztmcm/m/it on input line 29.
LaTeX Font Info:    Redeclaring symbol font `symbols' on input line 30.
LaTeX Font Info:    Overwriting symbol font `symbols' in version `normal'
(Font)                  OMS/cmsy/m/n --> OMS/ztmcm/m/n on input line 30.
LaTeX Font Info:    Overwriting symbol font `symbols' in version `bold'
(Font)                  OMS/cmsy/b/n --> OMS/ztmcm/m/n on input line 30.
LaTeX Font Info:    Redeclaring symbol font `largesymbols' on input line 31.
LaTeX Font Info:    Overwriting symbol font `largesymbols' in version `normal'
(Font)                  OMX/cmex/m/n --> OMX/ztmcm/m/n on input line 31.
LaTeX Font Info:    Overwriting symbol font `largesymbols' in version `bold'
(Font)                  OMX/cmex/m/n --> OMX/ztmcm/m/n on input line 31.
\symbold=\mathgroup4
\symitalic=\mathgroup5
LaTeX Font Info:    Redeclaring math alphabet \mathbf on input line 34.
LaTeX Font Info:    Overwriting math alphabet `\mathbf' in version `normal'
(Font)                  OT1/cmr/bx/n --> OT1/ptm/bx/n on input line 34.
LaTeX Font Info:    Overwriting math alphabet `\mathbf' in version `bold'
(Font)                  OT1/cmr/bx/n --> OT1/ptm/bx/n on input line 34.
LaTeX Font Info:    Redeclaring math alphabet \mathit on input line 35.
LaTeX Font Info:    Overwriting math alphabet `\mathit' in version `normal'
(Font)                  OT1/cmr/m/it --> OT1/ptm/m/it on input line 35.
LaTeX Font Info:    Overwriting math alphabet `\mathit' in version `bold'
(Font)                  OT1/cmr/bx/it --> OT1/ptm/m/it on input line 35.
LaTeX Info: Redefining \hbar on input line 50.
)
(D:\ToRemove\MiKTeX\tex\latex\microtype\microtype.sty
Package: microtype 2013/05/23 v2.5a Micro-typographical refinements (RS)
\MT@toks=\toks16
\MT@count=\count92
LaTeX Info: Redefining \textls on input line 766.
\MT@outer@kern=\dimen112
LaTeX Info: Redefining \textmicrotypecontext on input line 1285.
\MT@listname@count=\count93

(D:\ToRemove\MiKTeX\tex\latex\microtype\microtype-pdftex.def
File: microtype-pdftex.def 2013/05/23 v2.5a Definitions specific to pdftex (RS)

LaTeX Info: Redefining \lsstyle on input line 915.
LaTeX Info: Redefining \lslig on input line 915.
\MT@outer@space=\skip43
)
Package microtype Info: Loading configuration file microtype.cfg.

(D:\ToRemove\MiKTeX\tex\latex\microtype\microtype.cfg
File: microtype.cfg 2013/05/23 v2.5a microtype main configuration file (RS)
))
(D:\ToRemove\MiKTeX\tex\latex\base\inputenc.sty
Package: inputenc 2008/03/30 v1.1d Input encoding file
\inpenc@prehook=\toks17
\inpenc@posthook=\toks18

(D:\ToRemove\MiKTeX\tex\latex\base\utf8.def
File: utf8.def 2008/04/05 v1.1m UTF-8 support for inputenc
Now handling font encoding OML ...
... no UTF-8 mapping file for font encoding OML
Now handling font encoding T1 ...
... processing UTF-8 mapping file for font encoding T1

(D:\ToRemove\MiKTeX\tex\latex\base\t1enc.dfu
File: t1enc.dfu 2008/04/05 v1.1m UTF-8 support for inputenc
   defining Unicode char U+00A1 (decimal 161)
   defining Unicode char U+00A3 (decimal 163)
   defining Unicode char U+00AB (decimal 171)
   defining Unicode char U+00BB (decimal 187)
   defining Unicode char U+00BF (decimal 191)
   defining Unicode char U+00C0 (decimal 192)
   defining Unicode char U+00C1 (decimal 193)
   defining Unicode char U+00C2 (decimal 194)
   defining Unicode char U+00C3 (decimal 195)
   defining Unicode char U+00C4 (decimal 196)
   defining Unicode char U+00C5 (decimal 197)
   defining Unicode char U+00C6 (decimal 198)
   defining Unicode char U+00C7 (decimal 199)
   defining Unicode char U+00C8 (decimal 200)
   defining Unicode char U+00C9 (decimal 201)
   defining Unicode char U+00CA (decimal 202)
   defining Unicode char U+00CB (decimal 203)
   defining Unicode char U+00CC (decimal 204)
   defining Unicode char U+00CD (decimal 205)
   defining Unicode char U+00CE (decimal 206)
   defining Unicode char U+00CF (decimal 207)
   defining Unicode char U+00D0 (decimal 208)
   defining Unicode char U+00D1 (decimal 209)
   defining Unicode char U+00D2 (decimal 210)
   defining Unicode char U+00D3 (decimal 211)
   defining Unicode char U+00D4 (decimal 212)
   defining Unicode char U+00D5 (decimal 213)
   defining Unicode char U+00D6 (decimal 214)
   defining Unicode char U+00D8 (decimal 216)
   defining Unicode char U+00D9 (decimal 217)
   defining Unicode char U+00DA (decimal 218)
   defining Unicode char U+00DB (decimal 219)
   defining Unicode char U+00DC (decimal 220)
   defining Unicode char U+00DD (decimal 221)
   defining Unicode char U+00DE (decimal 222)
   defining Unicode char U+00DF (decimal 223)
   defining Unicode char U+00E0 (decimal 224)
   defining Unicode char U+00E1 (decimal 225)
   defining Unicode char U+00E2 (decimal 226)
   defining Unicode char U+00E3 (decimal 227)
   defining Unicode char U+00E4 (decimal 228)
   defining Unicode char U+00E5 (decimal 229)
   defining Unicode char U+00E6 (decimal 230)
   defining Unicode char U+00E7 (decimal 231)
   defining Unicode char U+00E8 (decimal 232)
   defining Unicode char U+00E9 (decimal 233)
   defining Unicode char U+00EA (decimal 234)
   defining Unicode char U+00EB (decimal 235)
   defining Unicode char U+00EC (decimal 236)
   defining Unicode char U+00ED (decimal 237)
   defining Unicode char U+00EE (decimal 238)
   defining Unicode char U+00EF (decimal 239)
   defining Unicode char U+00F0 (decimal 240)
   defining Unicode char U+00F1 (decimal 241)
   defining Unicode char U+00F2 (decimal 242)
   defining Unicode char U+00F3 (decimal 243)
   defining Unicode char U+00F4 (decimal 244)
   defining Unicode char U+00F5 (decimal 245)
   defining Unicode char U+00F6 (decimal 246)
   defining Unicode char U+00F8 (decimal 248)
   defining Unicode char U+00F9 (decimal 249)
   defining Unicode char U+00FA (decimal 250)
   defining Unicode char U+00FB (decimal 251)
   defining Unicode char U+00FC (decimal 252)
   defining Unicode char U+00FD (decimal 253)
   defining Unicode char U+00FE (decimal 254)
   defining Unicode char U+00FF (decimal 255)
   defining Unicode char U+0102 (decimal 258)
   defining Unicode char U+0103 (decimal 259)
   defining Unicode char U+0104 (decimal 260)
   defining Unicode char U+0105 (decimal 261)
   defining Unicode char U+0106 (decimal 262)
   defining Unicode char U+0107 (decimal 263)
   defining Unicode char U+010C (decimal 268)
   defining Unicode char U+010D (decimal 269)
   defining Unicode char U+010E (decimal 270)
   defining Unicode char U+010F (decimal 271)
   defining Unicode char U+0110 (decimal 272)
   defining Unicode char U+0111 (decimal 273)
   defining Unicode char U+0118 (decimal 280)
   defining Unicode char U+0119 (decimal 281)
   defining Unicode char U+011A (decimal 282)
   defining Unicode char U+011B (decimal 283)
   defining Unicode char U+011E (decimal 286)
   defining Unicode char U+011F (decimal 287)
   defining Unicode char U+0130 (decimal 304)
   defining Unicode char U+0131 (decimal 305)
   defining Unicode char U+0132 (decimal 306)
   defining Unicode char U+0133 (decimal 307)
   defining Unicode char U+0139 (decimal 313)
   defining Unicode char U+013A (decimal 314)
   defining Unicode char U+013D (decimal 317)
   defining Unicode char U+013E (decimal 318)
   defining Unicode char U+0141 (decimal 321)
   defining Unicode char U+0142 (decimal 322)
   defining Unicode char U+0143 (decimal 323)
   defining Unicode char U+0144 (decimal 324)
   defining Unicode char U+0147 (decimal 327)
   defining Unicode char U+0148 (decimal 328)
   defining Unicode char U+014A (decimal 330)
   defining Unicode char U+014B (decimal 331)
   defining Unicode char U+0150 (decimal 336)
   defining Unicode char U+0151 (decimal 337)
   defining Unicode char U+0152 (decimal 338)
   defining Unicode char U+0153 (decimal 339)
   defining Unicode char U+0154 (decimal 340)
   defining Unicode char U+0155 (decimal 341)
   defining Unicode char U+0158 (decimal 344)
   defining Unicode char U+0159 (decimal 345)
   defining Unicode char U+015A (decimal 346)
   defining Unicode char U+015B (decimal 347)
   defining Unicode char U+015E (decimal 350)
   defining Unicode char U+015F (decimal 351)
   defining Unicode char U+0160 (decimal 352)
   defining Unicode char U+0161 (decimal 353)
   defining Unicode char U+0162 (decimal 354)
   defining Unicode char U+0163 (decimal 355)
   defining Unicode char U+0164 (decimal 356)
   defining Unicode char U+0165 (decimal 357)
   defining Unicode char U+016E (decimal 366)
   defining Unicode char U+016F (decimal 367)
   defining Unicode char U+0170 (decimal 368)
   defining Unicode char U+0171 (decimal 369)
   defining Unicode char U+0178 (decimal 376)
   defining Unicode char U+0179 (decimal 377)
   defining Unicode char U+017A (decimal 378)
   defining Unicode char U+017B (decimal 379)
   defining Unicode char U+017C (decimal 380)
   defining Unicode char U+017D (decimal 381)
   defining Unicode char U+017E (decimal 382)
   defining Unicode char U+200C (decimal 8204)
   defining Unicode char U+2013 (decimal 8211)
   defining Unicode char U+2014 (decimal 8212)
   defining Unicode char U+2018 (decimal 8216)
   defining Unicode char U+2019 (decimal 8217)
   defining Unicode char U+201A (decimal 8218)
   defining Unicode char U+201C (decimal 8220)
   defining Unicode char U+201D (decimal 8221)
   defining Unicode char U+201E (decimal 8222)
   defining Unicode char U+2030 (decimal 8240)
   defining Unicode char U+2031 (decimal 8241)
   defining Unicode char U+2039 (decimal 8249)
   defining Unicode char U+203A (decimal 8250)
   defining Unicode char U+2423 (decimal 9251)
)
Now handling font encoding OT1 ...
... processing UTF-8 mapping file for font encoding OT1

(D:\ToRemove\MiKTeX\tex\latex\base\ot1enc.dfu
File: ot1enc.dfu 2008/04/05 v1.1m UTF-8 support for inputenc
   defining Unicode char U+00A1 (decimal 161)
   defining Unicode char U+00A3 (decimal 163)
   defining Unicode char U+00B8 (decimal 184)
   defining Unicode char U+00BF (decimal 191)
   defining Unicode char U+00C5 (decimal 197)
   defining Unicode char U+00C6 (decimal 198)
   defining Unicode char U+00D8 (decimal 216)
   defining Unicode char U+00DF (decimal 223)
   defining Unicode char U+00E6 (decimal 230)
   defining Unicode char U+00EC (decimal 236)
   defining Unicode char U+00ED (decimal 237)
   defining Unicode char U+00EE (decimal 238)
   defining Unicode char U+00EF (decimal 239)
   defining Unicode char U+00F8 (decimal 248)
   defining Unicode char U+0131 (decimal 305)
   defining Unicode char U+0141 (decimal 321)
   defining Unicode char U+0142 (decimal 322)
   defining Unicode char U+0152 (decimal 338)
   defining Unicode char U+0153 (decimal 339)
   defining Unicode char U+2013 (decimal 8211)
   defining Unicode char U+2014 (decimal 8212)
   defining Unicode char U+2018 (decimal 8216)
   defining Unicode char U+2019 (decimal 8217)
   defining Unicode char U+201C (decimal 8220)
   defining Unicode char U+201D (decimal 8221)
)
Now handling font encoding OMS ...
... processing UTF-8 mapping file for font encoding OMS

(D:\ToRemove\MiKTeX\tex\latex\base\omsenc.dfu
File: omsenc.dfu 2008/04/05 v1.1m UTF-8 support for inputenc
   defining Unicode char U+00A7 (decimal 167)
   defining Unicode char U+00B6 (decimal 182)
   defining Unicode char U+00B7 (decimal 183)
   defining Unicode char U+2020 (decimal 8224)
   defining Unicode char U+2021 (decimal 8225)
   defining Unicode char U+2022 (decimal 8226)
)
Now handling font encoding OMX ...
... no UTF-8 mapping file for font encoding OMX
Now handling font encoding U ...
... no UTF-8 mapping file for font encoding U
   defining Unicode char U+00A9 (decimal 169)
   defining Unicode char U+00AA (decimal 170)
   defining Unicode char U+00AE (decimal 174)
   defining Unicode char U+00BA (decimal 186)
   defining Unicode char U+02C6 (decimal 710)
   defining Unicode char U+02DC (decimal 732)
   defining Unicode char U+200C (decimal 8204)
   defining Unicode char U+2026 (decimal 8230)
   defining Unicode char U+2122 (decimal 8482)
   defining Unicode char U+2423 (decimal 9251)
))
(D:\ToRemove\MiKTeX\tex\latex\base\fontenc.sty
Package: fontenc 2005/09/27 v1.99g Standard LaTeX package

(D:\ToRemove\MiKTeX\tex\latex\base\t1enc.def
File: t1enc.def 2005/09/27 v1.99g Standard LaTeX file
LaTeX Font Info:    Redeclaring font encoding T1 on input line 43.
))
(D:\ToRemove\MiKTeX\tex\latex\listings\listings.sty
\lst@mode=\count94
\lst@gtempboxa=\box26
\lst@token=\toks19
\lst@length=\count95
\lst@currlwidth=\dimen113
\lst@column=\count96
\lst@pos=\count97
\lst@lostspace=\dimen114
\lst@width=\dimen115
\lst@newlines=\count98
\lst@lineno=\count99
\lst@maxwidth=\dimen116

(D:\ToRemove\MiKTeX\tex\latex\listings\lstmisc.sty
File: lstmisc.sty 2014/09/06 1.5e (Carsten Heinz)
\c@lstnumber=\count100
\lst@skipnumbers=\count101
\lst@framebox=\box27
)
(D:\ToRemove\MiKTeX\tex\latex\listings\listings.cfg
File: listings.cfg 2014/09/06 1.5e listings configuration
))
Package: listings 2014/09/06 1.5e (Carsten Heinz)

(D:\ToRemove\MiKTeX\tex\latex\float\float.sty
Package: float 2001/11/08 v1.3d Float enhancements (AL)
\c@float@type=\count102
\float@exts=\toks20
\float@box=\box28
\@float@everytoks=\toks21
\@floatcapt=\box29
)
(D:\ToRemove\MiKTeX\tex\latex\amsmath\amsmath.sty
Package: amsmath 2013/01/14 v2.14 AMS math features
\@mathmargin=\skip44

For additional information on amsmath, use the `?' option.
(D:\ToRemove\MiKTeX\tex\latex\amsmath\amstext.sty
Package: amstext 2000/06/29 v2.01

(D:\ToRemove\MiKTeX\tex\latex\amsmath\amsgen.sty
File: amsgen.sty 1999/11/30 v2.0
\@emptytoks=\toks22
\ex@=\dimen117
))
(D:\ToRemove\MiKTeX\tex\latex\amsmath\amsbsy.sty
Package: amsbsy 1999/11/29 v1.2d
\pmbraise@=\dimen118
)
(D:\ToRemove\MiKTeX\tex\latex\amsmath\amsopn.sty
Package: amsopn 1999/12/14 v2.01 operator names
)
\inf@bad=\count103
LaTeX Info: Redefining \frac on input line 210.
\uproot@=\count104
\leftroot@=\count105
LaTeX Info: Redefining \overline on input line 306.
\classnum@=\count106
\DOTSCASE@=\count107
LaTeX Info: Redefining \ldots on input line 378.
LaTeX Info: Redefining \dots on input line 381.
LaTeX Info: Redefining \cdots on input line 466.
\Mathstrutbox@=\box30
\strutbox@=\box31
\big@size=\dimen119
LaTeX Font Info:    Redeclaring font encoding OML on input line 566.
LaTeX Font Info:    Redeclaring font encoding OMS on input line 567.
\macc@depth=\count108
\c@MaxMatrixCols=\count109
\dotsspace@=\muskip10
\c@parentequation=\count110
\dspbrk@lvl=\count111
\tag@help=\toks23
\row@=\count112
\column@=\count113
\maxfields@=\count114
\andhelp@=\toks24
\eqnshift@=\dimen120
\alignsep@=\dimen121
\tagshift@=\dimen122
\tagwidth@=\dimen123
\totwidth@=\dimen124
\lineht@=\dimen125
\@envbody=\toks25
\multlinegap=\skip45
\multlinetaggap=\skip46
\mathdisplay@stack=\toks26
LaTeX Info: Redefining \[ on input line 2665.
LaTeX Info: Redefining \] on input line 2666.
)
(D:\ToRemove\MiKTeX\tex\latex\hyperref\hyperref.sty
Package: hyperref 2012/11/06 v6.83m Hypertext links for LaTeX

(D:\ToRemove\MiKTeX\tex\generic\oberdiek\hobsub-hyperref.sty
Package: hobsub-hyperref 2012/04/25 v1.12 Bundle oberdiek, subset hyperref (HO)


(D:\ToRemove\MiKTeX\tex\generic\oberdiek\hobsub-generic.sty
Package: hobsub-generic 2012/04/25 v1.12 Bundle oberdiek, subset generic (HO)
Package: hobsub 2012/04/25 v1.12 Construct package bundles (HO)
Package hobsub Info: Skipping package `infwarerr' (already loaded).
Package hobsub Info: Skipping package `ltxcmds' (already loaded).
Package: ifluatex 2010/03/01 v1.3 Provides the ifluatex switch (HO)
Package ifluatex Info: LuaTeX not detected.
Package hobsub Info: Skipping package `ifvtex' (already loaded).
Package: intcalc 2007/09/27 v1.1 Expandable calculations with integers (HO)
Package hobsub Info: Skipping package `ifpdf' (already loaded).
Package: etexcmds 2011/02/16 v1.5 Avoid name clashes with e-TeX commands (HO)
Package etexcmds Info: Could not find \expanded.
(etexcmds)             That can mean that you are not using pdfTeX 1.50 or
(etexcmds)             that some package has redefined \expanded.
(etexcmds)             In the latter case, load this package earlier.
Package: kvsetkeys 2012/04/25 v1.16 Key value parser (HO)
Package: kvdefinekeys 2011/04/07 v1.3 Define keys (HO)
Package: pdftexcmds 2011/11/29 v0.20 Utility functions of pdfTeX for LuaTeX (HO
)
Package pdftexcmds Info: LuaTeX not detected.
Package pdftexcmds Info: \pdf@primitive is available.
Package pdftexcmds Info: \pdf@ifprimitive is available.
Package pdftexcmds Info: \pdfdraftmode found.
Package: pdfescape 2011/11/25 v1.13 Implements pdfTeX's escape features (HO)
Package: bigintcalc 2012/04/08 v1.3 Expandable calculations on big integers (HO
)
Package: bitset 2011/01/30 v1.1 Handle bit-vector datatype (HO)
Package: uniquecounter 2011/01/30 v1.2 Provide unlimited unique counter (HO)
)
Package hobsub Info: Skipping package `hobsub' (already loaded).
Package: letltxmacro 2010/09/02 v1.4 Let assignment for LaTeX macros (HO)
Package: hopatch 2011/06/24 v1.1 Wrapper for package hooks (HO)
Package: xcolor-patch 2011/01/30 xcolor patch
Package: atveryend 2011/06/30 v1.8 Hooks at the very end of document (HO)
Package atveryend Info: \enddocument detected (standard20110627).
Package: atbegshi 2011/10/05 v1.16 At begin shipout hook (HO)
Package: refcount 2011/10/16 v3.4 Data extraction from label references (HO)
Package: hycolor 2011/01/30 v1.7 Color options for hyperref/bookmark (HO)
)
(D:\ToRemove\MiKTeX\tex\latex\oberdiek\auxhook.sty
Package: auxhook 2011/03/04 v1.3 Hooks for auxiliary files (HO)
)
(D:\ToRemove\MiKTeX\tex\latex\oberdiek\kvoptions.sty
Package: kvoptions 2011/06/30 v3.11 Key value format for package options (HO)
)
\@linkdim=\dimen126
\Hy@linkcounter=\count115
\Hy@pagecounter=\count116

(D:\ToRemove\MiKTeX\tex\latex\hyperref\pd1enc.def
File: pd1enc.def 2012/11/06 v6.83m Hyperref: PDFDocEncoding definition (HO)
Now handling font encoding PD1 ...
... no UTF-8 mapping file for font encoding PD1
)
\Hy@SavedSpaceFactor=\count117

(D:\ToRemove\MiKTeX\tex\latex\00miktex\hyperref.cfg
File: hyperref.cfg 2002/06/06 v1.2 hyperref configuration of TeXLive
)
Package hyperref Info: Hyper figures OFF on input line 4443.
Package hyperref Info: Link nesting OFF on input line 4448.
Package hyperref Info: Hyper index ON on input line 4451.
Package hyperref Info: Plain pages OFF on input line 4458.
Package hyperref Info: Backreferencing OFF on input line 4463.
Package hyperref Info: Implicit mode ON; LaTeX internals redefined.
Package hyperref Info: Bookmarks ON on input line 4688.
\c@Hy@tempcnt=\count118

(D:\ToRemove\MiKTeX\tex\latex\url\url.sty
\Urlmuskip=\muskip11
Package: url 2013/09/16  ver 3.4  Verb mode for urls, etc.
)
LaTeX Info: Redefining \url on input line 5041.
\XeTeXLinkMargin=\dimen127
\Fld@menulength=\count119
\Field@Width=\dimen128
\Fld@charsize=\dimen129
Package hyperref Info: Hyper figures OFF on input line 6295.
Package hyperref Info: Link nesting OFF on input line 6300.
Package hyperref Info: Hyper index ON on input line 6303.
Package hyperref Info: backreferencing OFF on input line 6310.
Package hyperref Info: Link coloring OFF on input line 6315.
Package hyperref Info: Link coloring with OCG OFF on input line 6320.
Package hyperref Info: PDF/A mode OFF on input line 6325.
LaTeX Info: Redefining \ref on input line 6365.
LaTeX Info: Redefining \pageref on input line 6369.
\Hy@abspage=\count120
\c@Item=\count121
\c@Hfootnote=\count122
)

Package hyperref Message: Driver (autodetected): hpdftex.

(D:\ToRemove\MiKTeX\tex\latex\hyperref\hpdftex.def
File: hpdftex.def 2012/11/06 v6.83m Hyperref driver for pdfTeX
\Fld@listcount=\count123
\c@bookmark@seq@number=\count124

(D:\ToRemove\MiKTeX\tex\latex\oberdiek\rerunfilecheck.sty
Package: rerunfilecheck 2011/04/15 v1.7 Rerun checks for auxiliary files (HO)
Package uniquecounter Info: New unique counter `rerunfilecheck' on input line 2
82.
)
\Hy@SectionHShift=\skip47
)
(D:\ToRemove\MiKTeX\tex\latex\tools\multicol.sty
Package: multicol 2011/06/27 v1.7a multicolumn formatting (FMi)
\c@tracingmulticols=\count125
\mult@box=\box32
\multicol@leftmargin=\dimen130
\c@unbalance=\count126
\c@collectmore=\count127
\doublecol@number=\count128
\multicoltolerance=\count129
\multicolpretolerance=\count130
\full@width=\dimen131
\page@free=\dimen132
\premulticols=\dimen133
\postmulticols=\dimen134
\multicolsep=\skip48
\multicolbaselineskip=\skip49
\partial@page=\box33
\last@line=\box34
\mult@rightbox=\box35
\mult@grightbox=\box36
\mult@gfirstbox=\box37
\mult@firstbox=\box38
\@tempa=\box39
\@tempa=\box40
\@tempa=\box41
\@tempa=\box42
\@tempa=\box43
\@tempa=\box44
\@tempa=\box45
\@tempa=\box46
\@tempa=\box47
\@tempa=\box48
\@tempa=\box49
\@tempa=\box50
\@tempa=\box51
\@tempa=\box52
\@tempa=\box53
\@tempa=\box54
\@tempa=\box55
\c@columnbadness=\count131
\c@finalcolumnbadness=\count132
\last@try=\dimen135
\multicolovershoot=\dimen136
\multicolundershoot=\dimen137
\mult@nat@firstbox=\box56
\colbreak@box=\box57
\multicol@sort@counter=\count133
)
(D:\ToRemove\MiKTeX\tex\latex\tools\calc.sty
Package: calc 2007/08/22 v4.3 Infix arithmetic (KKT,FJ)
\calc@Acount=\count134
\calc@Bcount=\count135
\calc@Adimen=\dimen138
\calc@Bdimen=\dimen139
\calc@Askip=\skip50
\calc@Bskip=\skip51
LaTeX Info: Redefining \setlength on input line 76.
LaTeX Info: Redefining \addtolength on input line 77.
\calc@Ccount=\count136
\calc@Cskip=\skip52
)
(D:\ToRemove\MiKTeX\tex\latex\base\makeidx.sty
Package: makeidx 2000/03/29 v1.0m Standard LaTeX package
)
\@indexfile=\write3

Writing index file main.idx

("D:\userdata\rwlodarz\My Documents\GitHub\wsw-neuro\latex\___skrypt_wzor\struc
ture.tex" (D:\ToRemove\MiKTeX\tex\latex\titlesec\titlesec.sty
Package: titlesec 2011/12/15 v2.10.0 Sectioning titles
\ttl@box=\box58
\beforetitleunit=\skip53
\aftertitleunit=\skip54
\ttl@plus=\dimen140
\ttl@minus=\dimen141
\ttl@toksa=\toks27
\titlewidth=\dimen142
\titlewidthlast=\dimen143
\titlewidthfirst=\dimen144
)
(D:\ToRemove\MiKTeX\tex\latex\graphics\graphicx.sty
Package: graphicx 1999/02/16 v1.0f Enhanced LaTeX Graphics (DPC,SPQR)

(D:\ToRemove\MiKTeX\tex\latex\graphics\graphics.sty
Package: graphics 2009/02/05 v1.0o Standard LaTeX Graphics (DPC,SPQR)

(D:\ToRemove\MiKTeX\tex\latex\graphics\trig.sty
Package: trig 1999/03/16 v1.09 sin cos tan (DPC)
)
(D:\ToRemove\MiKTeX\tex\latex\00miktex\graphics.cfg
File: graphics.cfg 2007/01/18 v1.5 graphics configuration of teTeX/TeXLive
)
Package graphics Info: Driver file: pdftex.def on input line 91.
)
\Gin@req@height=\dimen145
\Gin@req@width=\dimen146
)
(D:\ToRemove\MiKTeX\tex\latex\lipsum\lipsum.sty
Package: lipsum 2014/07/27 v1.3 150 paragraphs of Lorem Ipsum dummy text
\c@lips@count=\count137
)
(D:\ToRemove\MiKTeX\tex\latex\pgf\frontendlayer\tikz.sty
(D:\ToRemove\MiKTeX\tex\latex\pgf\basiclayer\pgf.sty
(D:\ToRemove\MiKTeX\tex\latex\pgf\utilities\pgfrcs.sty
(D:\ToRemove\MiKTeX\tex\generic\pgf\utilities\pgfutil-common.tex
\pgfutil@everybye=\toks28
\pgfutil@tempdima=\dimen147
\pgfutil@tempdimb=\dimen148

(D:\ToRemove\MiKTeX\tex\generic\pgf\utilities\pgfutil-common-lists.tex))
(D:\ToRemove\MiKTeX\tex\generic\pgf\utilities\pgfutil-latex.def
\pgfutil@abb=\box59

(D:\ToRemove\MiKTeX\tex\latex\ms\everyshi.sty
Package: everyshi 2001/05/15 v3.00 EveryShipout Package (MS)
))
(D:\ToRemove\MiKTeX\tex\generic\pgf\utilities\pgfrcs.code.tex
Package: pgfrcs 2013/12/20 v3.0.0 (rcs-revision 1.28)
))
Package: pgf 2013/12/18 v3.0.0 (rcs-revision 1.14)

(D:\ToRemove\MiKTeX\tex\latex\pgf\basiclayer\pgfcore.sty
(D:\ToRemove\MiKTeX\tex\latex\pgf\systemlayer\pgfsys.sty
(D:\ToRemove\MiKTeX\tex\generic\pgf\systemlayer\pgfsys.code.tex
Package: pgfsys 2013/11/30 v3.0.0 (rcs-revision 1.47)

(D:\ToRemove\MiKTeX\tex\generic\pgf\utilities\pgfkeys.code.tex
\pgfkeys@pathtoks=\toks29
\pgfkeys@temptoks=\toks30

(D:\ToRemove\MiKTeX\tex\generic\pgf\utilities\pgfkeysfiltered.code.tex
\pgfkeys@tmptoks=\toks31
))
\pgf@x=\dimen149
\pgf@y=\dimen150
\pgf@xa=\dimen151
\pgf@ya=\dimen152
\pgf@xb=\dimen153
\pgf@yb=\dimen154
\pgf@xc=\dimen155
\pgf@yc=\dimen156
\w@pgf@writea=\write4
\r@pgf@reada=\read1
\c@pgf@counta=\count138
\c@pgf@countb=\count139
\c@pgf@countc=\count140
\c@pgf@countd=\count141
\t@pgf@toka=\toks32
\t@pgf@tokb=\toks33
\t@pgf@tokc=\toks34

(D:\ToRemove\MiKTeX\tex\generic\pgf\systemlayer\pgf.cfg
File: pgf.cfg 2008/05/14  (rcs-revision 1.7)
)
Driver file for pgf: pgfsys-pdftex.def

(D:\ToRemove\MiKTeX\tex\generic\pgf\systemlayer\pgfsys-pdftex.def
File: pgfsys-pdftex.def 2013/07/18  (rcs-revision 1.33)

(D:\ToRemove\MiKTeX\tex\generic\pgf\systemlayer\pgfsys-common-pdf.def
File: pgfsys-common-pdf.def 2013/10/10  (rcs-revision 1.13)
)))
(D:\ToRemove\MiKTeX\tex\generic\pgf\systemlayer\pgfsyssoftpath.code.tex
File: pgfsyssoftpath.code.tex 2013/09/09  (rcs-revision 1.9)
\pgfsyssoftpath@smallbuffer@items=\count142
\pgfsyssoftpath@bigbuffer@items=\count143
)
(D:\ToRemove\MiKTeX\tex\generic\pgf\systemlayer\pgfsysprotocol.code.tex
File: pgfsysprotocol.code.tex 2006/10/16  (rcs-revision 1.4)
))
(D:\ToRemove\MiKTeX\tex\generic\pgf\basiclayer\pgfcore.code.tex
Package: pgfcore 2010/04/11 v3.0.0 (rcs-revision 1.7)

(D:\ToRemove\MiKTeX\tex\generic\pgf\math\pgfmath.code.tex
(D:\ToRemove\MiKTeX\tex\generic\pgf\math\pgfmathcalc.code.tex
(D:\ToRemove\MiKTeX\tex\generic\pgf\math\pgfmathutil.code.tex)
(D:\ToRemove\MiKTeX\tex\generic\pgf\math\pgfmathparser.code.tex
\pgfmath@dimen=\dimen157
\pgfmath@count=\count144
\pgfmath@box=\box60
\pgfmath@toks=\toks35
\pgfmath@stack@operand=\toks36
\pgfmath@stack@operation=\toks37
)
(D:\ToRemove\MiKTeX\tex\generic\pgf\math\pgfmathfunctions.code.tex
(D:\ToRemove\MiKTeX\tex\generic\pgf\math\pgfmathfunctions.basic.code.tex)
(D:\ToRemove\MiKTeX\tex\generic\pgf\math\pgfmathfunctions.trigonometric.code.te
x) (D:\ToRemove\MiKTeX\tex\generic\pgf\math\pgfmathfunctions.random.code.tex)
(D:\ToRemove\MiKTeX\tex\generic\pgf\math\pgfmathfunctions.comparison.code.tex)
(D:\ToRemove\MiKTeX\tex\generic\pgf\math\pgfmathfunctions.base.code.tex)
(D:\ToRemove\MiKTeX\tex\generic\pgf\math\pgfmathfunctions.round.code.tex)
(D:\ToRemove\MiKTeX\tex\generic\pgf\math\pgfmathfunctions.misc.code.tex)
(D:\ToRemove\MiKTeX\tex\generic\pgf\math\pgfmathfunctions.integerarithmetics.co
de.tex))) (D:\ToRemove\MiKTeX\tex\generic\pgf\math\pgfmathfloat.code.tex
\c@pgfmathroundto@lastzeros=\count145
))
(D:\ToRemove\MiKTeX\tex\generic\pgf\basiclayer\pgfcorepoints.code.tex
File: pgfcorepoints.code.tex 2013/10/07  (rcs-revision 1.27)
\pgf@picminx=\dimen158
\pgf@picmaxx=\dimen159
\pgf@picminy=\dimen160
\pgf@picmaxy=\dimen161
\pgf@pathminx=\dimen162
\pgf@pathmaxx=\dimen163
\pgf@pathminy=\dimen164
\pgf@pathmaxy=\dimen165
\pgf@xx=\dimen166
\pgf@xy=\dimen167
\pgf@yx=\dimen168
\pgf@yy=\dimen169
\pgf@zx=\dimen170
\pgf@zy=\dimen171
)
(D:\ToRemove\MiKTeX\tex\generic\pgf\basiclayer\pgfcorepathconstruct.code.tex
File: pgfcorepathconstruct.code.tex 2013/10/07  (rcs-revision 1.29)
\pgf@path@lastx=\dimen172
\pgf@path@lasty=\dimen173
)
(D:\ToRemove\MiKTeX\tex\generic\pgf\basiclayer\pgfcorepathusage.code.tex
File: pgfcorepathusage.code.tex 2013/12/13  (rcs-revision 1.23)
\pgf@shorten@end@additional=\dimen174
\pgf@shorten@start@additional=\dimen175
)
(D:\ToRemove\MiKTeX\tex\generic\pgf\basiclayer\pgfcorescopes.code.tex
File: pgfcorescopes.code.tex 2013/10/09  (rcs-revision 1.44)
\pgfpic=\box61
\pgf@hbox=\box62
\pgf@layerbox@main=\box63
\pgf@picture@serial@count=\count146
)
(D:\ToRemove\MiKTeX\tex\generic\pgf\basiclayer\pgfcoregraphicstate.code.tex
File: pgfcoregraphicstate.code.tex 2013/09/19  (rcs-revision 1.11)
\pgflinewidth=\dimen176
)
(D:\ToRemove\MiKTeX\tex\generic\pgf\basiclayer\pgfcoretransformations.code.tex
File: pgfcoretransformations.code.tex 2013/10/10  (rcs-revision 1.17)
\pgf@pt@x=\dimen177
\pgf@pt@y=\dimen178
\pgf@pt@temp=\dimen179
) (D:\ToRemove\MiKTeX\tex\generic\pgf\basiclayer\pgfcorequick.code.tex
File: pgfcorequick.code.tex 2008/10/09  (rcs-revision 1.3)
)
(D:\ToRemove\MiKTeX\tex\generic\pgf\basiclayer\pgfcoreobjects.code.tex
File: pgfcoreobjects.code.tex 2006/10/11  (rcs-revision 1.2)
)
(D:\ToRemove\MiKTeX\tex\generic\pgf\basiclayer\pgfcorepathprocessing.code.tex
File: pgfcorepathprocessing.code.tex 2013/09/09  (rcs-revision 1.9)
)
(D:\ToRemove\MiKTeX\tex\generic\pgf\basiclayer\pgfcorearrows.code.tex
File: pgfcorearrows.code.tex 2013/11/07  (rcs-revision 1.40)
\pgfarrowsep=\dimen180
)
(D:\ToRemove\MiKTeX\tex\generic\pgf\basiclayer\pgfcoreshade.code.tex
File: pgfcoreshade.code.tex 2013/07/15  (rcs-revision 1.15)
\pgf@max=\dimen181
\pgf@sys@shading@range@num=\count147
)
(D:\ToRemove\MiKTeX\tex\generic\pgf\basiclayer\pgfcoreimage.code.tex
File: pgfcoreimage.code.tex 2013/07/15  (rcs-revision 1.18)

(D:\ToRemove\MiKTeX\tex\generic\pgf\basiclayer\pgfcoreexternal.code.tex
File: pgfcoreexternal.code.tex 2013/07/15  (rcs-revision 1.20)
\pgfexternal@startupbox=\box64
))
(D:\ToRemove\MiKTeX\tex\generic\pgf\basiclayer\pgfcorelayers.code.tex
File: pgfcorelayers.code.tex 2013/07/18  (rcs-revision 1.7)
)
(D:\ToRemove\MiKTeX\tex\generic\pgf\basiclayer\pgfcoretransparency.code.tex
File: pgfcoretransparency.code.tex 2013/09/30  (rcs-revision 1.5)
)
(D:\ToRemove\MiKTeX\tex\generic\pgf\basiclayer\pgfcorepatterns.code.tex
File: pgfcorepatterns.code.tex 2013/11/07  (rcs-revision 1.5)
)))
(D:\ToRemove\MiKTeX\tex\generic\pgf\modules\pgfmoduleshapes.code.tex
File: pgfmoduleshapes.code.tex 2013/10/31  (rcs-revision 1.34)
\pgfnodeparttextbox=\box65
)
(D:\ToRemove\MiKTeX\tex\generic\pgf\modules\pgfmoduleplot.code.tex
File: pgfmoduleplot.code.tex 2013/07/31  (rcs-revision 1.12)
)
(D:\ToRemove\MiKTeX\tex\latex\pgf\compatibility\pgfcomp-version-0-65.sty
Package: pgfcomp-version-0-65 2007/07/03 v3.0.0 (rcs-revision 1.7)
\pgf@nodesepstart=\dimen182
\pgf@nodesepend=\dimen183
)
(D:\ToRemove\MiKTeX\tex\latex\pgf\compatibility\pgfcomp-version-1-18.sty
Package: pgfcomp-version-1-18 2007/07/23 v3.0.0 (rcs-revision 1.1)
))
(D:\ToRemove\MiKTeX\tex\latex\pgf\utilities\pgffor.sty
(D:\ToRemove\MiKTeX\tex\latex\pgf\utilities\pgfkeys.sty
(D:\ToRemove\MiKTeX\tex\generic\pgf\utilities\pgfkeys.code.tex))
(D:\ToRemove\MiKTeX\tex\latex\pgf\math\pgfmath.sty
(D:\ToRemove\MiKTeX\tex\generic\pgf\math\pgfmath.code.tex))
(D:\ToRemove\MiKTeX\tex\generic\pgf\utilities\pgffor.code.tex
Package: pgffor 2013/12/13 v3.0.0 (rcs-revision 1.25)

(D:\ToRemove\MiKTeX\tex\generic\pgf\math\pgfmath.code.tex)
\pgffor@iter=\dimen184
\pgffor@skip=\dimen185
\pgffor@stack=\toks38
\pgffor@toks=\toks39
))
(D:\ToRemove\MiKTeX\tex\generic\pgf\frontendlayer\tikz\tikz.code.tex
Package: tikz 2013/12/13 v3.0.0 (rcs-revision 1.142)

(D:\ToRemove\MiKTeX\tex\generic\pgf\libraries\pgflibraryplothandlers.code.tex
File: pgflibraryplothandlers.code.tex 2013/08/31 v3.0.0 (rcs-revision 1.20)
\pgf@plot@mark@count=\count148
\pgfplotmarksize=\dimen186
)
\tikz@lastx=\dimen187
\tikz@lasty=\dimen188
\tikz@lastxsaved=\dimen189
\tikz@lastysaved=\dimen190
\tikzleveldistance=\dimen191
\tikzsiblingdistance=\dimen192
\tikz@figbox=\box66
\tikz@figbox@bg=\box67
\tikz@tempbox=\box68
\tikz@tempbox@bg=\box69
\tikztreelevel=\count149
\tikznumberofchildren=\count150
\tikznumberofcurrentchild=\count151
\tikz@fig@count=\count152

(D:\ToRemove\MiKTeX\tex\generic\pgf\modules\pgfmodulematrix.code.tex
File: pgfmodulematrix.code.tex 2013/09/17  (rcs-revision 1.8)
\pgfmatrixcurrentrow=\count153
\pgfmatrixcurrentcolumn=\count154
\pgf@matrix@numberofcolumns=\count155
)
\tikz@expandcount=\count156

(D:\ToRemove\MiKTeX\tex\generic\pgf\frontendlayer\tikz\libraries\tikzlibrarytop
aths.code.tex
File: tikzlibrarytopaths.code.tex 2008/06/17 v3.0.0 (rcs-revision 1.2)
))) (D:\ToRemove\MiKTeX\tex\generic\babel\babel.sty
Package: babel 2008/07/08 v3.8m The Babel package

*************************************
* Local config file bblopts.cfg used
*
(D:\ToRemove\MiKTeX\tex\latex\00miktex\bblopts.cfg
File: bblopts.cfg 2006/07/31 v1.0 MiKTeX 'babel' configuration
)
(D:\ToRemove\MiKTeX\tex\generic\babel\english.ldf
Language: english 2005/03/30 v3.3o English support from the babel system

(D:\ToRemove\MiKTeX\tex\generic\babel\babel.def
File: babel.def 2008/07/08 v3.8m Babel common definitions
\babel@savecnt=\count157
\U@D=\dimen193
)
\l@canadian = a dialect from \language\l@american 
\l@australian = a dialect from \language\l@british 
\l@newzealand = a dialect from \language\l@british 
))
(D:\ToRemove\MiKTeX\tex\latex\enumitem\enumitem.sty
Package: enumitem 2011/09/28 v3.5.2 Customized lists
\labelindent=\skip55
\enit@outerparindent=\dimen194
\enit@toks=\toks40
\enit@inbox=\box70
\enitdp@description=\count158
)
(D:\ToRemove\MiKTeX\tex\latex\booktabs\booktabs.sty
Package: booktabs 2005/04/14 v1.61803 publication quality tables
\heavyrulewidth=\dimen195
\lightrulewidth=\dimen196
\cmidrulewidth=\dimen197
\belowrulesep=\dimen198
\belowbottomsep=\dimen199
\aboverulesep=\dimen200
\abovetopsep=\dimen201
\cmidrulesep=\dimen202
\cmidrulekern=\dimen203
\defaultaddspace=\dimen204
\@cmidla=\count159
\@cmidlb=\count160
\@aboverulesep=\dimen205
\@belowrulesep=\dimen206
\@thisruleclass=\count161
\@lastruleclass=\count162
\@thisrulewidth=\dimen207
)
(D:\ToRemove\MiKTeX\tex\latex\eso-pic\eso-pic.sty
Package: eso-pic 2013/10/06 v2.0d eso-pic (RN)
)
(D:\ToRemove\MiKTeX\tex\latex\titlesec\titletoc.sty
Package: titletoc 2011/12/15 v1.6 TOC entries
\ttl@leftsep=\dimen208
)
(D:\ToRemove\MiKTeX\tex\latex\fancyhdr\fancyhdr.sty
\fancy@headwidth=\skip56
\f@ncyO@elh=\skip57
\f@ncyO@erh=\skip58
\f@ncyO@olh=\skip59
\f@ncyO@orh=\skip60
\f@ncyO@elf=\skip61
\f@ncyO@erf=\skip62
\f@ncyO@olf=\skip63
\f@ncyO@orf=\skip64
)
(D:\ToRemove\MiKTeX\tex\latex\amsfonts\amsfonts.sty
Package: amsfonts 2013/01/14 v3.01 Basic AMSFonts support
\symAMSa=\mathgroup6
\symAMSb=\mathgroup7
LaTeX Font Info:    Overwriting math alphabet `\mathfrak' in version `bold'
(Font)                  U/euf/m/n --> U/euf/b/n on input line 106.
)
(D:\ToRemove\MiKTeX\tex\latex\amsfonts\amssymb.sty
Package: amssymb 2013/01/14 v3.01 AMS font symbols
)
(D:\ToRemove\MiKTeX\tex\latex\amscls\amsthm.sty
Package: amsthm 2004/08/06 v2.20
\thm@style=\toks41
\thm@bodyfont=\toks42
\thm@headfont=\toks43
\thm@notefont=\toks44
\thm@headpunct=\toks45
\thm@preskip=\skip65
\thm@postskip=\skip66
\thm@headsep=\skip67
\dth@everypar=\toks46
)
\c@notation=\count163
\c@dummy=\count164
\c@problem=\count165
\c@exerciseT=\count166
\c@exampleT=\count167
\c@vocabulary=\count168
\c@definitionT=\count169

(D:\ToRemove\MiKTeX\tex\latex\mdframed\mdframed.sty
Package: mdframed 2013/07/01 1.9b: mdframed

(D:\ToRemove\MiKTeX\tex\latex\l3packages\xparse\xparse.sty
(D:\ToRemove\MiKTeX\tex\latex\l3kernel\expl3.sty
Package: expl3 2014/11/25 v5471 L3 programming layer (loader) 

(D:\ToRemove\MiKTeX\tex\latex\l3kernel\expl3-code.tex
Package: expl3 2014/11/25 v5471 L3 programming layer (code) 
L3 Module: l3bootstrap 2014/08/23 v5354 L3 Bootstrap code

(D:\ToRemove\MiKTeX\tex\latex\misc\etex.sty
Package: etex 1998/03/26 v2.0 eTeX basic definition package (PEB)
\et@xins=\count170
)
L3 Module: l3names 2014/08/22 v5343 L3 Namespace for primitives
L3 Module: l3basics 2014/08/24 v5364 L3 Basic definitions
L3 Module: l3expan 2014/08/22 v5349 L3 Argument expansion
L3 Module: l3tl 2014/11/19 v5460 L3 Token lists
L3 Module: l3str 2014/08/24 v5368 L3 Strings
L3 Module: l3seq 2014/08/23 v5354 L3 Sequences and stacks
L3 Module: l3int 2014/09/14 v5421 L3 Integers
\c_max_int=\count171
\l_tmpa_int=\count172
\l_tmpb_int=\count173
\g_tmpa_int=\count174
\g_tmpb_int=\count175
L3 Module: l3quark 2014/08/23 v5354 L3 Quarks
L3 Module: l3prg 2014/08/23 v5354 L3 Control structures
\g__prg_map_int=\count176
L3 Module: l3clist 2014/08/23 v5354 L3 Comma separated lists
L3 Module: l3token 2014/09/15 v5422 L3 Experimental token manipulation
L3 Module: l3prop 2014/08/23 v5354 L3 Property lists
L3 Module: l3msg 2014/08/24 v5358 L3 Messages
L3 Module: l3file 2014/08/24 v5369 L3 File and I/O operations
\l_iow_line_count_int=\count177
\l__iow_target_count_int=\count178
\l__iow_current_line_int=\count179
\l__iow_current_word_int=\count180
\l__iow_current_indentation_int=\count181
L3 Module: l3skip 2014/08/23 v5354 L3 Dimensions and skips
Normal \dimen register pool exhausted, switching to extended pool.
\c_zero_dim=\dimen256
\c_max_dim=\dimen257
\l_tmpa_dim=\dimen258
\l_tmpb_dim=\dimen259
\g_tmpa_dim=\dimen260
\g_tmpb_dim=\dimen261
\c_zero_skip=\skip68
\c_max_skip=\skip69
\l_tmpa_skip=\skip70
\l_tmpb_skip=\skip71
\g_tmpa_skip=\skip72
\g_tmpb_skip=\skip73
\c_zero_muskip=\muskip12
\c_max_muskip=\muskip13
\l_tmpa_muskip=\muskip14
\l_tmpb_muskip=\muskip15
\g_tmpa_muskip=\muskip16
\g_tmpb_muskip=\muskip17
L3 Module: l3keys 2014/08/23 v5354 L3 Key-value interfaces
\g__keyval_level_int=\count182
\l_keys_choice_int=\count183
L3 Module: l3fp 2014/08/22 v5336 L3 Floating points
\c__fp_leading_shift_int=\count184
\c__fp_middle_shift_int=\count185
\c__fp_trailing_shift_int=\count186
\c__fp_big_leading_shift_int=\count187
\c__fp_big_middle_shift_int=\count188
\c__fp_big_trailing_shift_int=\count189
\c__fp_Bigg_leading_shift_int=\count190
\c__fp_Bigg_middle_shift_int=\count191
\c__fp_Bigg_trailing_shift_int=\count192
L3 Module: l3box 2014/08/23 v5354 L3 Experimental boxes
\c_empty_box=\box71
\l_tmpa_box=\box72
\l_tmpb_box=\box73
\g_tmpa_box=\box74
\g_tmpb_box=\box75
L3 Module: l3coffins 2014/08/23 v5354 L3 Coffin code layer
\l__coffin_internal_box=\box76
\l__coffin_internal_dim=\dimen262
\l__coffin_offset_x_dim=\dimen263
\l__coffin_offset_y_dim=\dimen264
\l__coffin_x_dim=\dimen265
\l__coffin_y_dim=\dimen266
\l__coffin_x_prime_dim=\dimen267
\l__coffin_y_prime_dim=\dimen268
\c_empty_coffin=\box77
\l__coffin_aligned_coffin=\box78
\l__coffin_aligned_internal_coffin=\box79
\l_tmpa_coffin=\box80
\l_tmpb_coffin=\box81
\l__coffin_display_coffin=\box82
\l__coffin_display_coord_coffin=\box83
\l__coffin_display_pole_coffin=\box84
\l__coffin_display_offset_dim=\dimen269
\l__coffin_display_x_dim=\dimen270
\l__coffin_display_y_dim=\dimen271
L3 Module: l3color 2014/08/23 v5354 L3 Experimental color support
L3 Module: l3candidates 2014/11/23 v5466 L3 Experimental additions to l3kernel
\l__box_top_dim=\dimen272
\l__box_bottom_dim=\dimen273
\l__box_left_dim=\dimen274
\l__box_right_dim=\dimen275
\l__box_top_new_dim=\dimen276
\l__box_bottom_new_dim=\dimen277
\l__box_left_new_dim=\dimen278
\l__box_right_new_dim=\dimen279
\l__box_internal_box=\box85
\l__coffin_bounding_shift_dim=\dimen280
\l__coffin_left_corner_dim=\dimen281
\l__coffin_right_corner_dim=\dimen282
\l__coffin_bottom_corner_dim=\dimen283
\l__coffin_top_corner_dim=\dimen284
\l__coffin_scaled_total_height_dim=\dimen285
\l__coffin_scaled_width_dim=\dimen286
)
(D:\ToRemove\MiKTeX\tex\latex\l3kernel\l3unicode-data.def
File: l3unicode-data.def 2014/11/23 v5465 L3 Unicode data
)
(D:\ToRemove\MiKTeX\tex\latex\l3kernel\l3pdfmode.def
File: l3pdfmode.def 2014/11/23 v5466 L3 Experimental driver: PDF mode
\l__driver_color_stack_int=\count193
))
Package: xparse 2014/11/25 v5471 L3 Experimental document command parser
\l__xparse_current_arg_int=\count194
\l__xparse_m_args_int=\count195
\l__xparse_mandatory_args_int=\count196
\l__xparse_processor_int=\count197
\l__xparse_v_nesting_int=\count198
)
(D:\ToRemove\MiKTeX\tex\latex\etoolbox\etoolbox.sty
Package: etoolbox 2011/01/03 v2.1 e-TeX tools for LaTeX
\etb@tempcnta=\count199
)
(D:\ToRemove\MiKTeX\tex\latex\oberdiek\zref-abspage.sty
Package: zref-abspage 2012/04/04 v2.24 Module abspage for zref (HO)

(D:\ToRemove\MiKTeX\tex\latex\oberdiek\zref-base.sty
Package: zref-base 2012/04/04 v2.24 Module base for zref (HO)
Package zref Info: New property list: main on input line 759.
Package zref Info: New property: default on input line 760.
Package zref Info: New property: page on input line 761.
)
\c@abspage=\count200
Package zref Info: New property: abspage on input line 62.
)
(D:\ToRemove\MiKTeX\tex\latex\needspace\needspace.sty
Package: needspace 2010/09/12 v1.3d reserve vertical space
)
\mdf@templength=\skip74
\c@mdf@globalstyle@cnt=\count201
\mdf@skipabove@length=\skip75
\mdf@skipbelow@length=\skip76
\mdf@leftmargin@length=\skip77
\mdf@rightmargin@length=\skip78
\mdf@innerleftmargin@length=\skip79
\mdf@innerrightmargin@length=\skip80
\mdf@innertopmargin@length=\skip81
\mdf@innerbottommargin@length=\skip82
\mdf@splittopskip@length=\skip83
\mdf@splitbottomskip@length=\skip84
\mdf@outermargin@length=\skip85
\mdf@innermargin@length=\skip86
\mdf@linewidth@length=\skip87
\mdf@innerlinewidth@length=\skip88
\mdf@middlelinewidth@length=\skip89
\mdf@outerlinewidth@length=\skip90
\mdf@roundcorner@length=\skip91
\mdf@footenotedistance@length=\skip92
\mdf@userdefinedwidth@length=\skip93
\mdf@needspace@length=\skip94
\mdf@frametitleaboveskip@length=\skip95
\mdf@frametitlebelowskip@length=\skip96
\mdf@frametitlerulewidth@length=\skip97
\mdf@frametitleleftmargin@length=\skip98
\mdf@frametitlerightmargin@length=\skip99
\mdf@shadowsize@length=\skip100
\mdf@extratopheight@length=\skip101
\mdf@subtitleabovelinewidth@length=\skip102
\mdf@subtitlebelowlinewidth@length=\skip103
\mdf@subtitleaboveskip@length=\skip104
\mdf@subtitlebelowskip@length=\skip105
\mdf@subtitleinneraboveskip@length=\skip106
\mdf@subtitleinnerbelowskip@length=\skip107
\mdf@subsubtitleabovelinewidth@length=\skip108
\mdf@subsubtitlebelowlinewidth@length=\skip109
\mdf@subsubtitleaboveskip@length=\skip110
\mdf@subsubtitlebelowskip@length=\skip111
\mdf@subsubtitleinneraboveskip@length=\skip112
\mdf@subsubtitleinnerbelowskip@length=\skip113

(D:\ToRemove\MiKTeX\tex\latex\mdframed\md-frame-0.mdf
File: md-frame-0.mdf 2013/07/01\ 1.9b: md-frame-0
)
\mdf@frametitlebox=\box86
\mdf@footnotebox=\box87
\mdf@splitbox@one=\box88
\mdf@splitbox@two=\box89
\mdf@splitbox@save=\box90
\mdfsplitboxwidth=\skip114
\mdfsplitboxtotalwidth=\skip115
\mdfsplitboxheight=\skip116
\mdfsplitboxdepth=\skip117
\mdfsplitboxtotalheight=\skip118
\mdfframetitleboxwidth=\skip119
\mdfframetitleboxtotalwidth=\skip120
\mdfframetitleboxheight=\skip121
\mdfframetitleboxdepth=\skip122
\mdfframetitleboxtotalheight=\skip123
\mdffootnoteboxwidth=\skip124
\mdffootnoteboxtotalwidth=\skip125
\mdffootnoteboxheight=\skip126
\mdffootnoteboxdepth=\skip127
\mdffootnoteboxtotalheight=\skip128
\mdftotallinewidth=\skip129
\mdfboundingboxwidth=\skip130
\mdfboundingboxtotalwidth=\skip131
\mdfboundingboxheight=\skip132
\mdfboundingboxdepth=\skip133
\mdfboundingboxtotalheight=\skip134
\mdf@freevspace@length=\skip135
\mdf@horizontalwidthofbox@length=\skip136
\mdf@verticalmarginwhole@length=\skip137
\mdf@horizontalspaceofbox=\skip138
\mdfsubtitleheight=\skip139
\mdfsubsubtitleheight=\skip140
Normal \count register pool exhausted, switching to extended pool.
\c@mdfcountframes=\count277

****** mdframed patching \endmdf@trivlist

****** -- success******

.................................................
. LaTeX info: "xparse/define-command"
. 
. Defining command \newmdtheoremenv with sig. 'O{} m o m o ' on line 601.
.................................................
.................................................
. LaTeX info: "xparse/define-command"
. 
. Defining command \mdtheorem with sig. ' O{} m o m o ' on line 701.
.................................................
\mdf@envdepth=\count278
\c@mdf@env@i=\count279
\c@mdf@env@ii=\count280
\c@mdf@zref@counter=\count281
Package zref Info: New property: mdf@pagevalue on input line 895.
))
(D:\ToRemove\MiKTeX\tex\latex\listings\lstlang1.sty
File: lstlang1.sty 2014/09/06 1.5e listings language file
)
(D:\ToRemove\MiKTeX\tex\latex\listings\lstlang2.sty
File: lstlang2.sty 2014/09/06 1.5e listings language file
)
(D:\ToRemove\MiKTeX\tex\latex\listings\lstlang3.sty
File: lstlang3.sty 2014/09/06 1.5e listings language file
)
("D:\userdata\rwlodarz\My Documents\GitHub\wsw-neuro\latex\___skrypt_wzor\main.
aux"
("D:\userdata\rwlodarz\My Documents\GitHub\wsw-neuro\latex\___skrypt_wzor\wstep
.aux")
("D:\userdata\rwlodarz\My Documents\GitHub\wsw-neuro\latex\___skrypt_wzor\reali
zacja.aux")
("D:\userdata\rwlodarz\My Documents\GitHub\wsw-neuro\latex\___skrypt_wzor\efekt
.aux"

LaTeX Warning: Label `fig:tree' multiply defined.


LaTeX Warning: Label `fig:tree' multiply defined.


LaTeX Warning: Label `fig:tree' multiply defined.


LaTeX Warning: Label `fig:tree' multiply defined.

)
("D:\userdata\rwlodarz\My Documents\GitHub\wsw-neuro\latex\___skrypt_wzor\podsu
mowanie.aux")
("D:\userdata\rwlodarz\My Documents\GitHub\wsw-neuro\latex\___skrypt_wzor\dodat
ek.aux"

LaTeX Warning: Label `fig:tree' multiply defined.

))
LaTeX Font Info:    Checking defaults for OML/cmm/m/it on input line 103.
LaTeX Font Info:    ... okay on input line 103.
LaTeX Font Info:    Checking defaults for T1/cmr/m/n on input line 103.
LaTeX Font Info:    ... okay on input line 103.
LaTeX Font Info:    Checking defaults for OT1/cmr/m/n on input line 103.
LaTeX Font Info:    ... okay on input line 103.
LaTeX Font Info:    Checking defaults for OMS/cmsy/m/n on input line 103.
LaTeX Font Info:    ... okay on input line 103.
LaTeX Font Info:    Checking defaults for OMX/cmex/m/n on input line 103.
LaTeX Font Info:    ... okay on input line 103.
LaTeX Font Info:    Checking defaults for U/cmr/m/n on input line 103.
LaTeX Font Info:    ... okay on input line 103.
LaTeX Font Info:    Checking defaults for PD1/pdf/m/n on input line 103.
LaTeX Font Info:    ... okay on input line 103.
LaTeX Font Info:    Try loading font information for T1+ptm on input line 103.
 (D:\ToRemove\MiKTeX\tex\latex\psnfss\t1ptm.fd
File: t1ptm.fd 2001/06/04 font definitions for T1/ptm.
)
*geometry* driver: auto-detecting
*geometry* detected driver: pdftex
*geometry* verbose mode - [ preamble ] result:
* driver: pdftex
* paper: a4paper
* layout: <same size as paper>
* layoutoffset:(h,v)=(0.0pt,0.0pt)
* modes: twoside 
* h-part:(L,W,R)=(91.04872pt, 415.41043pt, 91.04872pt)
* v-part:(T,H,B)=(85.35826pt, 674.33032pt, 85.35826pt)
* \paperwidth=597.50787pt
* \paperheight=845.04684pt
* \textwidth=415.41043pt
* \textheight=674.33032pt
* \oddsidemargin=18.77873pt
* \evensidemargin=18.77873pt
* \topmargin=-8.91173pt
* \headheight=14.5pt
* \headsep=10.0pt
* \topskip=11.0pt
* \footskip=27.46295pt
* \marginparwidth=116.0pt
* \marginparsep=7.0pt
* \columnsep=10.0pt
* \skip\footins=10.0pt plus 4.0pt minus 2.0pt
* \hoffset=0.0pt
* \voffset=0.0pt
* \mag=1000
* \@twocolumnfalse
* \@twosidetrue
* \@mparswitchtrue
* \@reversemarginfalse
* (1in=72.27pt=25.4mm, 1cm=28.453pt)

(D:\ToRemove\MiKTeX\tex\context\base\supp-pdf.mkii
[Loading MPS to PDF converter (version 2006.09.02).]
\scratchcounter=\count282
\scratchdimen=\dimen287
\scratchbox=\box91
\nofMPsegments=\count283
\nofMParguments=\count284
\everyMPshowfont=\toks47
\MPscratchCnt=\count285
\MPscratchDim=\dimen288
\MPnumerator=\count286
\makeMPintoPDFobject=\count287
\everyMPtoPDFconversion=\toks48
)
LaTeX Info: Redefining \microtypecontext on input line 103.
Package microtype Info: Generating PDF output.
Package microtype Info: Character protrusion enabled (level 2).
Package microtype Info: Using default protrusion set `alltext'.
Package microtype Info: Automatic font expansion enabled (level 2),
(microtype)             stretch: 20, shrink: 20, step: 1, non-selected.
Package microtype Info: Using default expansion set `basictext'.
Package microtype Info: No adjustment of tracking.
Package microtype Info: No adjustment of interword spacing.
Package microtype Info: No adjustment of character kerning.
 (D:\ToRemove\MiKTeX\tex\latex\microtype\mt-ptm.cfg
File: mt-ptm.cfg 2006/04/20 v1.7 microtype config. file: Times (RS)
)
\c@lstlisting=\count288
\AtBeginShipoutBox=\box92
Package hyperref Info: Link coloring OFF on input line 103.

(D:\ToRemove\MiKTeX\tex\latex\hyperref\nameref.sty
Package: nameref 2012/10/27 v2.43 Cross-referencing by name of section

(D:\ToRemove\MiKTeX\tex\generic\oberdiek\gettitlestring.sty
Package: gettitlestring 2010/12/03 v1.4 Cleanup title references (HO)
)
\c@section@level=\count289
)
LaTeX Info: Redefining \ref on input line 103.
LaTeX Info: Redefining \pageref on input line 103.
LaTeX Info: Redefining \nameref on input line 103.

("D:\userdata\rwlodarz\My Documents\GitHub\wsw-neuro\latex\___skrypt_wzor\main.
out")
("D:\userdata\rwlodarz\My Documents\GitHub\wsw-neuro\latex\___skrypt_wzor\main.
out")
\@outlinefile=\write5
 ABD: EveryShipout initializing macros
LaTeX Font Info:    Try loading font information for T1+pag on input line 114.

(D:\ToRemove\MiKTeX\tex\latex\psnfss\t1pag.fd
File: t1pag.fd 2001/06/04 font definitions for T1/pag.
)
Package microtype Info: Loading generic settings for font family
(microtype)             `pag' (encoding: T1).
(microtype)             For optimal results, create family-specific settings.
(microtype)             See the microtype manual for details.

<images/background.pdf, id=54, 584.1825pt x 835.12pt>
File: images/background.pdf Graphic file (type pdf)

<use images/background.pdf>
Package pdftex.def Info: images/background.pdf used on input line 125.
(pdftex.def)             Requested size: 584.18106pt x 835.11795pt.
 [1

{C:/Users/rwlodarz/AppData/Local/MiKTeX/2.9/pdftex/config/pdftex.map} <D:/userd
ata/rwlodarz/My Documents/GitHub/wsw-neuro/latex/___skrypt_wzor/images/backgrou
nd.pdf>]
LaTeX Font Info:    Try loading font information for OMS+ptm on input line 129.


(D:\ToRemove\MiKTeX\tex\latex\psnfss\omsptm.fd
File: omsptm.fd 
)
LaTeX Font Info:    Font shape `OMS/ptm/m/n' in size <10.95> not available
(Font)              Font shape `OMS/cmsy/m/n' tried instead on input line 129.

Underfull \hbox (badness 10000) in paragraph at lines 129--130

 []


Underfull \hbox (badness 10000) in paragraph at lines 131--132

 []

[2]
\c@ttl@toc@default=\count290
 <images/chapter_head_1.pdf, id=70, 597.432pt x 298.716pt>
File: images/chapter_head_1.pdf Graphic file (type pdf)

<use images/chapter_head_1.pdf>
Package pdftex.def Info: images/chapter_head_1.pdf used on input line 147.
(pdftex.def)             Requested size: 597.50787pt x 298.77907pt.
LaTeX Font Info:    Font shape `T1/pag/bx/n' in size <20.74> not available
(Font)              Font shape `T1/pag/b/n' tried instead on input line 147.
LaTeX Font Info:    Font shape `T1/pag/b/n' in size <20.74> not available
(Font)              Font shape `T1/pag/db/n' tried instead on input line 147.

("D:\userdata\rwlodarz\My Documents\GitHub\wsw-neuro\latex\___skrypt_wzor\main.
toc"
LaTeX Font Info:    Font shape `T1/pag/bx/n' in size <12> not available
(Font)              Font shape `T1/pag/b/n' tried instead on input line 2.
LaTeX Font Info:    Font shape `T1/pag/b/n' in size <12> not available
(Font)              Font shape `T1/pag/db/n' tried instead on input line 2.
LaTeX Font Info:    Font shape `T1/pag/bx/n' in size <14.4> not available
(Font)              Font shape `T1/pag/b/n' tried instead on input line 2.
LaTeX Font Info:    Font shape `T1/pag/b/n' in size <14.4> not available
(Font)              Font shape `T1/pag/db/n' tried instead on input line 2.
LaTeX Font Info:    Font shape `T1/pag/bx/n' in size <10.95> not available
(Font)              Font shape `T1/pag/b/n' tried instead on input line 2.
LaTeX Font Info:    Font shape `T1/pag/b/n' in size <10.95> not available
(Font)              Font shape `T1/pag/db/n' tried instead on input line 2.
)
\tf@toc=\write6
 [3

 <D:/userdata/rwlodarz/My Documents/GitHub/wsw-neuro/latex/___skrypt_wzor/image
s/chapter_head_1.pdf>] [4

]
("D:\userdata\rwlodarz\My Documents\GitHub\wsw-neuro\latex\___skrypt_wzor\wstep
.tex"
Chapter 1.
File: images/chapter_head_1.pdf Graphic file (type pdf)
<use images/chapter_head_1.pdf>
Package pdftex.def Info: images/chapter_head_1.pdf used on input line 1.
(pdftex.def)             Requested size: 597.50787pt x 298.77907pt.
) [5


]
("D:\userdata\rwlodarz\My Documents\GitHub\wsw-neuro\latex\___skrypt_wzor\reali
zacja.tex" [6



]
Chapter 2.
File: images/chapter_head_1.pdf Graphic file (type pdf)
<use images/chapter_head_1.pdf>
Package pdftex.def Info: images/chapter_head_1.pdf used on input line 1.
(pdftex.def)             Requested size: 597.50787pt x 298.77907pt.

<images/matlabnn.jpg, id=117, 853.1875pt x 686.565pt>
File: images/matlabnn.jpg Graphic file (type jpg)

<use images/matlabnn.jpg>
Package pdftex.def Info: images/matlabnn.jpg used on input line 16.
(pdftex.def)             Requested size: 373.86685pt x 300.85335pt.
 [7]
<images/nn.png, id=124, 376.40625pt x 395.97937pt>
File: images/nn.png Graphic file (type png)
 <use images/nn.png>
Package pdftex.def Info: images/nn.png used on input line 30.
(pdftex.def)             Requested size: 290.78603pt x 305.92618pt.
LaTeX Font Info:    Try loading font information for OT1+ztmcm on input line 37
.

(D:\ToRemove\MiKTeX\tex\latex\psnfss\ot1ztmcm.fd
File: ot1ztmcm.fd 2000/01/03 Fontinst v1.801 font definitions for OT1/ztmcm.
)
Package microtype Info: Loading generic settings for font family
(microtype)             `ztmcm' (encoding: OT1).
(microtype)             For optimal results, create family-specific settings.
(microtype)             See the microtype manual for details.
LaTeX Font Info:    Try loading font information for OML+ztmcm on input line 37
.

(D:\ToRemove\MiKTeX\tex\latex\psnfss\omlztmcm.fd
File: omlztmcm.fd 2000/01/03 Fontinst v1.801 font definitions for OML/ztmcm.
)
LaTeX Font Info:    Try loading font information for OMS+ztmcm on input line 37
.

(D:\ToRemove\MiKTeX\tex\latex\psnfss\omsztmcm.fd
File: omsztmcm.fd 2000/01/03 Fontinst v1.801 font definitions for OMS/ztmcm.
)
LaTeX Font Info:    Try loading font information for OMX+ztmcm on input line 37
.

(D:\ToRemove\MiKTeX\tex\latex\psnfss\omxztmcm.fd
File: omxztmcm.fd 2000/01/03 Fontinst v1.801 font definitions for OMX/ztmcm.
)
LaTeX Font Info:    Try loading font information for OT1+ptm on input line 37.

(D:\ToRemove\MiKTeX\tex\latex\psnfss\ot1ptm.fd
File: ot1ptm.fd 2001/06/04 font definitions for OT1/ptm.
)
LaTeX Font Info:    Font shape `OT1/ptm/bx/n' in size <10.95> not available
(Font)              Font shape `OT1/ptm/b/n' tried instead on input line 37.
LaTeX Font Info:    Font shape `OT1/ptm/bx/n' in size <8> not available
(Font)              Font shape `OT1/ptm/b/n' tried instead on input line 37.
LaTeX Font Info:    Font shape `OT1/ptm/bx/n' in size <6> not available
(Font)              Font shape `OT1/ptm/b/n' tried instead on input line 37.

(D:\ToRemove\MiKTeX\tex\latex\microtype\mt-msa.cfg
File: mt-msa.cfg 2006/02/04 v1.1 microtype config. file: AMS symbols (a) (RS)
)
(D:\ToRemove\MiKTeX\tex\latex\microtype\mt-msb.cfg
File: mt-msb.cfg 2005/06/01 v1.0 microtype config. file: AMS symbols (b) (RS)
) [8 <D:/userdata/rwlodarz/My Documents/GitHub/wsw-neuro/latex/___skrypt_wzor/i
mages/matlabnn.jpg>]
<images/reka.png, id=133, 96.36pt x 48.18pt>
File: images/reka.png Graphic file (type png)
 <use images/reka.png>
Package pdftex.def Info: images/reka.png used on input line 47.
(pdftex.def)             Requested size: 249.24878pt x 124.62463pt.

Underfull \vbox (badness 1460) has occurred while \output is active []

 [9 <D:/userdata/rwlodarz/My Documents/GitHub/wsw-neuro/latex/___skrypt_wzor/im
ages/nn.png>]) [10 <D:/userdata/rwlodarz/My Documents/GitHub/wsw-neuro/latex/__
_skrypt_wzor/images/reka.png>]
("D:\userdata\rwlodarz\My Documents\GitHub\wsw-neuro\latex\___skrypt_wzor\efekt
.tex"
Chapter 3.
File: images/chapter_head_1.pdf Graphic file (type pdf)
<use images/chapter_head_1.pdf>
Package pdftex.def Info: images/chapter_head_1.pdf used on input line 1.
(pdftex.def)             Requested size: 597.50787pt x 298.77907pt.
 <images/1.png, id=146, 3725.92pt x 1979.395pt>
File: images/1.png Graphic file (type png)

<use images/1.png>
Package pdftex.def Info: images/1.png used on input line 15.
(pdftex.def)             Requested size: 373.86685pt x 198.61555pt.
 <images/3.png, id=147, 3236.09pt x 2027.575pt>
File: images/3.png Graphic file (type png)

<use images/3.png>
Package pdftex.def Info: images/3.png used on input line 21.
(pdftex.def)             Requested size: 373.86685pt x 234.23358pt.
 <images/2.png, id=148, 3729.935pt x 1955.305pt>
File: images/2.png Graphic file (type png)

<use images/2.png>
Package pdftex.def Info: images/2.png used on input line 27.
(pdftex.def)             Requested size: 373.86685pt x 195.95966pt.
 <images/5.png, id=149, 4882.24pt x 2746.26pt>
File: images/5.png Graphic file (type png)

<use images/5.png>
Package pdftex.def Info: images/5.png used on input line 33.
(pdftex.def)             Requested size: 373.86685pt x 210.27678pt.
 <images/4.png, id=150, 2549.525pt x 1618.045pt>
File: images/4.png Graphic file (type png)

<use images/4.png>
Package pdftex.def Info: images/4.png used on input line 39.
(pdftex.def)             Requested size: 373.86685pt x 237.26462pt.
)
Underfull \hbox (badness 10000) in paragraph at lines 12--160

 []

[11



 <D:/userdata/rwlodarz/My Documents/GitHub/wsw-neuro/latex/___skrypt_wzor/image
s/1.png>] [12 <D:/userdata/rwlodarz/My Documents/GitHub/wsw-neuro/latex/___skry
pt_wzor/images/3.png> <D:/userdata/rwlodarz/My Documents/GitHub/wsw-neuro/latex
/___skrypt_wzor/images/2.png>] [13 <D:/userdata/rwlodarz/My Documents/GitHub/ws
w-neuro/latex/___skrypt_wzor/images/5.png> <D:/userdata/rwlodarz/My Documents/G
itHub/wsw-neuro/latex/___skrypt_wzor/images/4.png>]
("D:\userdata\rwlodarz\My Documents\GitHub\wsw-neuro\latex\___skrypt_wzor\podsu
mowanie.tex" [14



]
Chapter 4.
File: images/chapter_head_1.pdf Graphic file (type pdf)
<use images/chapter_head_1.pdf>
Package pdftex.def Info: images/chapter_head_1.pdf used on input line 1.
(pdftex.def)             Requested size: 597.50787pt x 298.77907pt.
) [15]
("D:\userdata\rwlodarz\My Documents\GitHub\wsw-neuro\latex\___skrypt_wzor\dodat
ek.tex" [16



]
Chapter 5.
File: images/chapter_head_1.pdf Graphic file (type pdf)
<use images/chapter_head_1.pdf>
Package pdftex.def Info: images/chapter_head_1.pdf used on input line 1.
(pdftex.def)             Requested size: 597.50787pt x 298.77907pt.
LaTeX Font Info:    Try loading font information for T1+pcr on input line 5.
 (D:\ToRemove\MiKTeX\tex\latex\psnfss\t1pcr.fd
File: t1pcr.fd 2001/06/04 font definitions for T1/pcr.
)
Package microtype Info: Loading generic settings for font family
(microtype)             `pcr' (encoding: T1).
(microtype)             For optimal results, create family-specific settings.
(microtype)             See the microtype manual for details.

<images/tree.png, id=187, 277.78781pt x 338.01282pt>
File: images/tree.png Graphic file (type png)
 <use images/tree.png>
Package pdftex.def Info: images/tree.png used on input line 9.
(pdftex.def)             Requested size: 261.71059pt x 318.45415pt.

[17 <D:/userdata/rwlodarz/My Documents/GitHub/wsw-neuro/latex/___skrypt_wzor/im
ages/tree.png>]
Overfull \hbox (81.43274pt too wide) in paragraph at lines 30--31
\T1/ptm/m/n/10.95 (-20) (Com-paq Database - []$\T1/pcr/m/n/10.95 https : / / ar
chive . ics . uci . edu / ml / machine-[]learning-[]databases /$
 []

) [18]
("D:\userdata\rwlodarz\My Documents\GitHub\wsw-neuro\latex\___skrypt_wzor\main.
bbl"
File: images/chapter_head_1.pdf Graphic file (type pdf)
 <use images/chapter_head_1.pdf>
Package pdftex.def Info: images/chapter_head_1.pdf used on input line 1.
(pdftex.def)             Requested size: 597.50787pt x 298.77907pt.
)
\tf@ptc=\write7
 [19


]
Package atveryend Info: Empty hook `BeforeClearDocument' on input line 401.
Package atveryend Info: Empty hook `AfterLastShipout' on input line 401.

("D:\userdata\rwlodarz\My Documents\GitHub\wsw-neuro\latex\___skrypt_wzor\main.
aux"
("D:\userdata\rwlodarz\My Documents\GitHub\wsw-neuro\latex\___skrypt_wzor\wstep
.aux")
("D:\userdata\rwlodarz\My Documents\GitHub\wsw-neuro\latex\___skrypt_wzor\reali
zacja.aux")
("D:\userdata\rwlodarz\My Documents\GitHub\wsw-neuro\latex\___skrypt_wzor\efekt
.aux")
("D:\userdata\rwlodarz\My Documents\GitHub\wsw-neuro\latex\___skrypt_wzor\podsu
mowanie.aux")
("D:\userdata\rwlodarz\My Documents\GitHub\wsw-neuro\latex\___skrypt_wzor\dodat
ek.aux"))
Package atveryend Info: Executing hook `AtVeryEndDocument' on input line 401.
Package atveryend Info: Executing hook `AtEndAfterFileList' on input line 401.
Package rerunfilecheck Info: File `main.out' has not changed.
(rerunfilecheck)             Checksum: 38885007ABAEBBB2F7422A3E6226CC90;725.


LaTeX Warning: There were multiply-defined labels.

Package atveryend Info: Empty hook `AtVeryVeryEnd' on input line 401.
 ) 
Here is how much of TeX's memory you used:
 28327 strings out of 493921
 516327 string characters out of 3150870
 727902 words of memory out of 3000000
 30929 multiletter control sequences out of 15000+200000
 58321 words of font info for 137 fonts, out of 3000000 for 9000
 841 hyphenation exceptions out of 8191
 57i,12n,57p,10507b,1111s stack positions out of 5000i,500n,10000p,200000b,50000s
{D:/ToRemove/MiKTeX/fonts/enc/dvips/fontname/8r.enc}<D:/ToRemove/MiKTeX/fonts
/type1/public/amsfonts/cm/cmr10.pfb><D:/ToRemove/MiKTeX/fonts/type1/public/amsf
onts/cm/cmsy10.pfb><D:/ToRemove/MiKTeX/fonts/type1/urw/avantgar/uagd8a.pfb><D:/
ToRemove/MiKTeX/fonts/type1/urw/avantgar/uagk8a.pfb><D:/ToRemove/MiKTeX/fonts/t
ype1/urw/courier/ucrr8a.pfb><D:/ToRemove/MiKTeX/fonts/type1/urw/times/utmr8a.pf
b><D:/ToRemove/MiKTeX/fonts/type1/urw/times/utmri8a.pfb>
Output written on main.pdf (19 pages, 65142340 bytes).
PDF statistics:
 253 PDF objects out of 1000 (max. 8388607)
 52 named destinations out of 1000 (max. 500000)
 30884 words of extra memory for PDF output out of 35830 (max. 10000000)

