Command line:
   tb_main_isim_beh.exe
     -simmode  gui
     -simrunnum  0
     -socket  44244

Sun Jan 18 14:56:15 2015


 Elaboration Time: 1.77 sec

 Current Memory Usage: 547.926 Meg

 Total Signals          : 88921
 Total Nets             : 141613
 Total Signal Drivers   : 30605
 Total Blocks           : 11517
 Total Primitive Blocks : 11013
 Total Processes        : 51994
 Total Traceable Variables  : 29289
 Total Scalar Nets and Variables : 1593600
Total Line Count : 146826

 Total Simulation Time: 7.76 sec

 Current Memory Usage: 625.754 Meg

Sun Jan 18 15:59:44 2015

